15:29:12.573 [main] INFO  c.baizhi.Application - [logStarting,55] - Starting Application on LAPTOP-S46RK93L with PID 11816 (D:\sboot\sboot\target\classes started by hhz in D:\sboot\sboot)
15:29:12.580 [main] DEBUG c.baizhi.Application - [logStarting,56] - Running with Spring Boot v2.2.4.RELEASE, Spring v5.2.3.RELEASE
15:29:12.580 [main] INFO  c.baizhi.Application - [logStartupProfileInfo,651] - No active profile set, falling back to default profiles: default
15:29:14.164 [main] DEBUG r.u.Loggers$LoggerFactory - [debug,249] - Using Slf4j logging framework
15:29:14.700 [main] INFO  c.a.d.s.b.a.DruidDataSourceAutoConfigure - [dataSource,56] - Init DruidDataSource
15:29:14.780 [main] INFO  c.a.d.p.DruidDataSource - [init,1010] - {dataSource-1} inited
15:29:15.100 [main] INFO  c.a.d.p.DruidDataSource - [close,2003] - {dataSource-1} closing ...
15:29:15.102 [main] INFO  c.a.d.p.DruidDataSource - [close,2075] - {dataSource-1} closed
15:29:15.122 [main] ERROR o.s.b.d.LoggingFailureAnalysisReporter - [report,40] - 

***************************
APPLICATION FAILED TO START
***************************

Description:

The dependencies of some of the beans in the application context form a cycle:

   studentController
┌─────┐
|  studentServiceImpl
└─────┘


15:29:36.865 [main] INFO  c.baizhi.Application - [logStarting,55] - Starting Application on LAPTOP-S46RK93L with PID 15420 (D:\sboot\sboot\target\classes started by hhz in D:\sboot\sboot)
15:29:36.866 [main] DEBUG c.baizhi.Application - [logStarting,56] - Running with Spring Boot v2.2.4.RELEASE, Spring v5.2.3.RELEASE
15:29:36.867 [main] INFO  c.baizhi.Application - [logStartupProfileInfo,651] - No active profile set, falling back to default profiles: default
15:29:37.817 [main] DEBUG r.u.Loggers$LoggerFactory - [debug,249] - Using Slf4j logging framework
15:29:38.157 [main] INFO  c.a.d.s.b.a.DruidDataSourceAutoConfigure - [dataSource,56] - Init DruidDataSource
15:29:38.207 [main] INFO  c.a.d.p.DruidDataSource - [init,1010] - {dataSource-1} inited
15:29:38.407 [main] INFO  c.a.d.p.DruidDataSource - [close,2003] - {dataSource-1} closing ...
15:29:38.407 [main] INFO  c.a.d.p.DruidDataSource - [close,2075] - {dataSource-1} closed
15:29:38.417 [main] ERROR o.s.b.d.LoggingFailureAnalysisReporter - [report,40] - 

***************************
APPLICATION FAILED TO START
***************************

Description:

The dependencies of some of the beans in the application context form a cycle:

   studentController
┌─────┐
|  studentServiceImpl
└─────┘


15:30:01.756 [main] INFO  c.baizhi.Application - [logStarting,55] - Starting Application on LAPTOP-S46RK93L with PID 14020 (D:\sboot\sboot\target\classes started by hhz in D:\sboot\sboot)
15:30:01.756 [main] DEBUG c.baizhi.Application - [logStarting,56] - Running with Spring Boot v2.2.4.RELEASE, Spring v5.2.3.RELEASE
15:30:01.766 [main] INFO  c.baizhi.Application - [logStartupProfileInfo,651] - No active profile set, falling back to default profiles: default
15:30:02.678 [main] DEBUG r.u.Loggers$LoggerFactory - [debug,249] - Using Slf4j logging framework
15:30:03.018 [main] INFO  c.a.d.s.b.a.DruidDataSourceAutoConfigure - [dataSource,56] - Init DruidDataSource
15:30:03.068 [main] INFO  c.a.d.p.DruidDataSource - [init,1010] - {dataSource-1} inited
15:30:04.303 [main] INFO  c.baizhi.Application - [logStarted,61] - Started Application in 2.83 seconds (JVM running for 3.389)
15:30:36.786 [main] INFO  c.baizhi.Application - [logStarting,55] - Starting Application on LAPTOP-S46RK93L with PID 14204 (D:\sboot\sboot\target\classes started by hhz in D:\sboot\sboot)
15:30:36.786 [main] DEBUG c.baizhi.Application - [logStarting,56] - Running with Spring Boot v2.2.4.RELEASE, Spring v5.2.3.RELEASE
15:30:36.786 [main] INFO  c.baizhi.Application - [logStartupProfileInfo,651] - No active profile set, falling back to default profiles: default
15:30:37.830 [main] DEBUG r.u.Loggers$LoggerFactory - [debug,249] - Using Slf4j logging framework
15:30:38.220 [main] INFO  c.a.d.s.b.a.DruidDataSourceAutoConfigure - [dataSource,56] - Init DruidDataSource
15:30:38.280 [main] INFO  c.a.d.p.DruidDataSource - [init,1010] - {dataSource-1} inited
15:30:38.510 [main] INFO  c.a.d.p.DruidDataSource - [close,2003] - {dataSource-1} closing ...
15:30:38.510 [main] INFO  c.a.d.p.DruidDataSource - [close,2075] - {dataSource-1} closed
15:30:38.530 [main] ERROR o.s.b.d.LoggingFailureAnalysisReporter - [report,40] - 

***************************
APPLICATION FAILED TO START
***************************

Description:

The dependencies of some of the beans in the application context form a cycle:

   studentController
┌─────┐
|  studentServiceImpl
└─────┘


15:34:12.118 [main] INFO  c.baizhi.Application - [logStarting,55] - Starting Application on LAPTOP-S46RK93L with PID 18964 (D:\sboot\sboot\target\classes started by hhz in D:\sboot\sboot)
15:34:12.121 [main] DEBUG c.baizhi.Application - [logStarting,56] - Running with Spring Boot v2.2.4.RELEASE, Spring v5.2.3.RELEASE
15:34:12.121 [main] INFO  c.baizhi.Application - [logStartupProfileInfo,651] - No active profile set, falling back to default profiles: default
15:34:13.172 [main] DEBUG r.u.Loggers$LoggerFactory - [debug,249] - Using Slf4j logging framework
15:34:13.591 [main] INFO  c.a.d.s.b.a.DruidDataSourceAutoConfigure - [dataSource,56] - Init DruidDataSource
15:34:13.648 [main] INFO  c.a.d.p.DruidDataSource - [init,1010] - {dataSource-1} inited
15:34:13.884 [main] INFO  c.a.d.p.DruidDataSource - [close,2003] - {dataSource-1} closing ...
15:34:13.884 [main] INFO  c.a.d.p.DruidDataSource - [close,2075] - {dataSource-1} closed
15:34:13.908 [main] ERROR o.s.b.d.LoggingFailureAnalysisReporter - [report,40] - 

***************************
APPLICATION FAILED TO START
***************************

Description:

The dependencies of some of the beans in the application context form a cycle:

   studentController
┌─────┐
|  studentServiceImpl
└─────┘


15:34:27.894 [main] INFO  c.baizhi.Application - [logStarting,55] - Starting Application on LAPTOP-S46RK93L with PID 23052 (D:\sboot\sboot\target\classes started by hhz in D:\sboot\sboot)
15:34:27.904 [main] DEBUG c.baizhi.Application - [logStarting,56] - Running with Spring Boot v2.2.4.RELEASE, Spring v5.2.3.RELEASE
15:34:27.905 [main] INFO  c.baizhi.Application - [logStartupProfileInfo,651] - No active profile set, falling back to default profiles: default
15:34:29.008 [main] DEBUG r.u.Loggers$LoggerFactory - [debug,249] - Using Slf4j logging framework
15:34:29.427 [main] INFO  c.a.d.s.b.a.DruidDataSourceAutoConfigure - [dataSource,56] - Init DruidDataSource
15:34:29.487 [main] INFO  c.a.d.p.DruidDataSource - [init,1010] - {dataSource-1} inited
15:34:30.883 [main] INFO  c.baizhi.Application - [logStarted,61] - Started Application in 3.371 seconds (JVM running for 4.023)
15:35:18.083 [main] INFO  c.baizhi.Application - [logStarting,55] - Starting Application on LAPTOP-S46RK93L with PID 5812 (D:\sboot\sboot\target\classes started by hhz in D:\sboot\sboot)
15:35:18.085 [main] DEBUG c.baizhi.Application - [logStarting,56] - Running with Spring Boot v2.2.4.RELEASE, Spring v5.2.3.RELEASE
15:35:18.085 [main] INFO  c.baizhi.Application - [logStartupProfileInfo,651] - No active profile set, falling back to default profiles: default
15:35:23.805 [main] INFO  c.baizhi.Application - [logStarting,55] - Starting Application on LAPTOP-S46RK93L with PID 10300 (D:\sboot\sboot\target\classes started by hhz in D:\sboot\sboot)
15:35:23.807 [main] DEBUG c.baizhi.Application - [logStarting,56] - Running with Spring Boot v2.2.4.RELEASE, Spring v5.2.3.RELEASE
15:35:23.807 [main] INFO  c.baizhi.Application - [logStartupProfileInfo,651] - No active profile set, falling back to default profiles: default
15:35:24.920 [main] DEBUG r.u.Loggers$LoggerFactory - [debug,249] - Using Slf4j logging framework
15:35:25.320 [main] INFO  c.a.d.s.b.a.DruidDataSourceAutoConfigure - [dataSource,56] - Init DruidDataSource
15:35:25.380 [main] INFO  c.a.d.p.DruidDataSource - [init,1010] - {dataSource-1} inited
15:35:25.614 [main] INFO  c.a.d.p.DruidDataSource - [close,2003] - {dataSource-1} closing ...
15:35:25.617 [main] INFO  c.a.d.p.DruidDataSource - [close,2075] - {dataSource-1} closed
15:35:25.636 [main] ERROR o.s.b.d.LoggingFailureAnalysisReporter - [report,40] - 

***************************
APPLICATION FAILED TO START
***************************

Description:

The dependencies of some of the beans in the application context form a cycle:

   studentController
┌─────┐
|  studentServiceImpl
└─────┘


15:35:42.582 [main] INFO  c.baizhi.Application - [logStarting,55] - Starting Application on LAPTOP-S46RK93L with PID 5348 (D:\sboot\sboot\target\classes started by hhz in D:\sboot\sboot)
15:35:42.585 [main] DEBUG c.baizhi.Application - [logStarting,56] - Running with Spring Boot v2.2.4.RELEASE, Spring v5.2.3.RELEASE
15:35:42.585 [main] INFO  c.baizhi.Application - [logStartupProfileInfo,651] - No active profile set, falling back to default profiles: default
15:35:43.627 [main] DEBUG r.u.Loggers$LoggerFactory - [debug,249] - Using Slf4j logging framework
15:35:44.045 [main] INFO  c.a.d.s.b.a.DruidDataSourceAutoConfigure - [dataSource,56] - Init DruidDataSource
15:35:44.108 [main] INFO  c.a.d.p.DruidDataSource - [init,1010] - {dataSource-1} inited
15:35:45.494 [main] INFO  c.baizhi.Application - [logStarted,61] - Started Application in 3.298 seconds (JVM running for 3.96)
15:42:04.184 [main] INFO  c.baizhi.Application - [logStarting,55] - Starting Application on LAPTOP-S46RK93L with PID 10676 (D:\sboot\sboot\target\classes started by hhz in D:\sboot\sboot)
15:42:04.187 [main] DEBUG c.baizhi.Application - [logStarting,56] - Running with Spring Boot v2.2.4.RELEASE, Spring v5.2.3.RELEASE
15:42:04.187 [main] INFO  c.baizhi.Application - [logStartupProfileInfo,651] - No active profile set, falling back to default profiles: default
15:42:05.354 [main] DEBUG r.u.Loggers$LoggerFactory - [debug,249] - Using Slf4j logging framework
15:42:05.765 [main] INFO  c.a.d.s.b.a.DruidDataSourceAutoConfigure - [dataSource,56] - Init DruidDataSource
15:42:05.815 [main] INFO  c.a.d.p.DruidDataSource - [init,1010] - {dataSource-1} inited
15:42:07.202 [main] INFO  c.baizhi.Application - [logStarted,61] - Started Application in 3.411 seconds (JVM running for 4.036)
15:42:32.967 [main] INFO  c.baizhi.Application - [logStarting,55] - Starting Application on LAPTOP-S46RK93L with PID 12096 (D:\sboot\sboot\target\classes started by hhz in D:\sboot\sboot)
15:42:32.967 [main] DEBUG c.baizhi.Application - [logStarting,56] - Running with Spring Boot v2.2.4.RELEASE, Spring v5.2.3.RELEASE
15:42:32.967 [main] INFO  c.baizhi.Application - [logStartupProfileInfo,651] - No active profile set, falling back to default profiles: default
15:42:34.024 [main] DEBUG r.u.Loggers$LoggerFactory - [debug,249] - Using Slf4j logging framework
15:42:34.444 [main] INFO  c.a.d.s.b.a.DruidDataSourceAutoConfigure - [dataSource,56] - Init DruidDataSource
15:42:34.497 [main] INFO  c.a.d.p.DruidDataSource - [init,1010] - {dataSource-1} inited
15:42:35.999 [main] INFO  c.baizhi.Application - [logStarted,61] - Started Application in 3.44 seconds (JVM running for 4.081)
15:43:24.522 [main] INFO  c.baizhi.Application - [logStarting,55] - Starting Application on LAPTOP-S46RK93L with PID 8928 (D:\sboot\sboot\target\classes started by hhz in D:\sboot\sboot)
15:43:24.522 [main] DEBUG c.baizhi.Application - [logStarting,56] - Running with Spring Boot v2.2.4.RELEASE, Spring v5.2.3.RELEASE
15:43:24.522 [main] INFO  c.baizhi.Application - [logStartupProfileInfo,651] - No active profile set, falling back to default profiles: default
15:43:25.559 [main] DEBUG r.u.Loggers$LoggerFactory - [debug,249] - Using Slf4j logging framework
15:43:25.949 [main] INFO  c.a.d.s.b.a.DruidDataSourceAutoConfigure - [dataSource,56] - Init DruidDataSource
15:43:26.009 [main] INFO  c.a.d.p.DruidDataSource - [init,1010] - {dataSource-1} inited
15:43:27.345 [main] INFO  c.baizhi.Application - [logStarted,61] - Started Application in 3.266 seconds (JVM running for 3.895)
15:45:59.335 [main] INFO  c.baizhi.Application - [logStarting,55] - Starting Application on LAPTOP-S46RK93L with PID 13736 (D:\sboot\sboot\target\classes started by hhz in D:\sboot\sboot)
15:45:59.345 [main] DEBUG c.baizhi.Application - [logStarting,56] - Running with Spring Boot v2.2.4.RELEASE, Spring v5.2.3.RELEASE
15:45:59.345 [main] INFO  c.baizhi.Application - [logStartupProfileInfo,651] - No active profile set, falling back to default profiles: default
15:46:00.388 [main] DEBUG r.u.Loggers$LoggerFactory - [debug,249] - Using Slf4j logging framework
15:46:00.783 [main] INFO  c.a.d.s.b.a.DruidDataSourceAutoConfigure - [dataSource,56] - Init DruidDataSource
15:46:00.843 [main] INFO  c.a.d.p.DruidDataSource - [init,1010] - {dataSource-1} inited
15:46:02.206 [main] INFO  c.baizhi.Application - [logStarted,61] - Started Application in 3.247 seconds (JVM running for 3.917)
15:47:18.192 [main] INFO  c.baizhi.Application - [logStarting,55] - Starting Application on LAPTOP-S46RK93L with PID 22568 (D:\sboot\sboot\target\classes started by hhz in D:\sboot\sboot)
15:47:18.202 [main] DEBUG c.baizhi.Application - [logStarting,56] - Running with Spring Boot v2.2.4.RELEASE, Spring v5.2.3.RELEASE
15:47:18.202 [main] INFO  c.baizhi.Application - [logStartupProfileInfo,651] - No active profile set, falling back to default profiles: default
15:47:19.244 [main] DEBUG r.u.Loggers$LoggerFactory - [debug,249] - Using Slf4j logging framework
15:47:19.635 [main] INFO  c.a.d.s.b.a.DruidDataSourceAutoConfigure - [dataSource,56] - Init DruidDataSource
15:47:19.695 [main] INFO  c.a.d.p.DruidDataSource - [init,1010] - {dataSource-1} inited
15:47:21.063 [main] INFO  c.baizhi.Application - [logStarted,61] - Started Application in 3.277 seconds (JVM running for 3.905)
15:48:05.959 [SpringContextShutdownHook] INFO  c.a.d.p.DruidDataSource - [close,2003] - {dataSource-1} closing ...
15:48:05.959 [SpringContextShutdownHook] INFO  c.a.d.p.DruidDataSource - [close,2075] - {dataSource-1} closed
15:48:18.200 [main] INFO  c.baizhi.Application - [logStarting,55] - Starting Application on LAPTOP-S46RK93L with PID 12560 (D:\sboot\sboot\target\classes started by hhz in D:\sboot\sboot)
15:48:18.210 [main] DEBUG c.baizhi.Application - [logStarting,56] - Running with Spring Boot v2.2.4.RELEASE, Spring v5.2.3.RELEASE
15:48:18.210 [main] INFO  c.baizhi.Application - [logStartupProfileInfo,651] - No active profile set, falling back to default profiles: default
15:48:19.200 [main] DEBUG r.u.Loggers$LoggerFactory - [debug,249] - Using Slf4j logging framework
15:48:19.600 [main] INFO  c.a.d.s.b.a.DruidDataSourceAutoConfigure - [dataSource,56] - Init DruidDataSource
15:48:19.650 [main] INFO  c.a.d.p.DruidDataSource - [init,1010] - {dataSource-1} inited
15:48:20.990 [main] INFO  c.baizhi.Application - [logStarted,61] - Started Application in 3.196 seconds (JVM running for 3.935)
15:49:24.671 [SpringContextShutdownHook] INFO  c.a.d.p.DruidDataSource - [close,2003] - {dataSource-1} closing ...
15:49:24.671 [SpringContextShutdownHook] INFO  c.a.d.p.DruidDataSource - [close,2075] - {dataSource-1} closed
15:49:31.062 [main] INFO  c.baizhi.Application - [logStarting,55] - Starting Application on LAPTOP-S46RK93L with PID 24180 (D:\sboot\sboot\target\classes started by hhz in D:\sboot\sboot)
15:49:31.062 [main] DEBUG c.baizhi.Application - [logStarting,56] - Running with Spring Boot v2.2.4.RELEASE, Spring v5.2.3.RELEASE
15:49:31.062 [main] INFO  c.baizhi.Application - [logStartupProfileInfo,651] - No active profile set, falling back to default profiles: default
15:49:32.085 [main] DEBUG r.u.Loggers$LoggerFactory - [debug,249] - Using Slf4j logging framework
15:49:32.475 [main] INFO  c.a.d.s.b.a.DruidDataSourceAutoConfigure - [dataSource,56] - Init DruidDataSource
15:49:32.535 [main] INFO  c.a.d.p.DruidDataSource - [init,1010] - {dataSource-1} inited
15:49:33.896 [main] INFO  c.baizhi.Application - [logStarted,61] - Started Application in 3.211 seconds (JVM running for 3.831)
15:50:45.273 [SpringContextShutdownHook] INFO  c.a.d.p.DruidDataSource - [close,2003] - {dataSource-1} closing ...
15:50:45.276 [SpringContextShutdownHook] INFO  c.a.d.p.DruidDataSource - [close,2075] - {dataSource-1} closed
15:50:50.548 [main] INFO  c.baizhi.Application - [logStarting,55] - Starting Application on LAPTOP-S46RK93L with PID 9804 (D:\sboot\sboot\target\classes started by hhz in D:\sboot\sboot)
15:50:50.548 [main] DEBUG c.baizhi.Application - [logStarting,56] - Running with Spring Boot v2.2.4.RELEASE, Spring v5.2.3.RELEASE
15:50:50.548 [main] INFO  c.baizhi.Application - [logStartupProfileInfo,651] - No active profile set, falling back to default profiles: default
15:50:51.637 [main] DEBUG r.u.Loggers$LoggerFactory - [debug,249] - Using Slf4j logging framework
15:50:52.053 [main] INFO  c.a.d.s.b.a.DruidDataSourceAutoConfigure - [dataSource,56] - Init DruidDataSource
15:50:52.112 [main] INFO  c.a.d.p.DruidDataSource - [init,1010] - {dataSource-1} inited
15:50:53.465 [main] INFO  c.baizhi.Application - [logStarted,61] - Started Application in 3.303 seconds (JVM running for 3.971)
15:59:39.832 [SpringContextShutdownHook] INFO  c.a.d.p.DruidDataSource - [close,2003] - {dataSource-1} closing ...
15:59:39.837 [SpringContextShutdownHook] INFO  c.a.d.p.DruidDataSource - [close,2075] - {dataSource-1} closed
16:01:58.588 [main] INFO  c.baizhi.Application - [logStarting,55] - Starting Application on LAPTOP-S46RK93L with PID 24956 (D:\sboot\sboot\target\classes started by hhz in D:\sboot\sboot)
16:01:58.588 [main] DEBUG c.baizhi.Application - [logStarting,56] - Running with Spring Boot v2.2.4.RELEASE, Spring v5.2.3.RELEASE
16:01:58.588 [main] INFO  c.baizhi.Application - [logStartupProfileInfo,651] - No active profile set, falling back to default profiles: default
16:01:59.680 [main] DEBUG r.u.Loggers$LoggerFactory - [debug,249] - Using Slf4j logging framework
16:02:00.098 [main] INFO  c.a.d.s.b.a.DruidDataSourceAutoConfigure - [dataSource,56] - Init DruidDataSource
16:02:00.160 [main] INFO  c.a.d.p.DruidDataSource - [init,1010] - {dataSource-1} inited
16:02:01.695 [main] INFO  c.baizhi.Application - [logStarted,61] - Started Application in 3.588 seconds (JVM running for 4.214)
16:02:42.848 [SpringContextShutdownHook] INFO  c.a.d.p.DruidDataSource - [close,2003] - {dataSource-1} closing ...
16:02:42.848 [SpringContextShutdownHook] INFO  c.a.d.p.DruidDataSource - [close,2075] - {dataSource-1} closed
16:02:47.937 [main] INFO  c.baizhi.Application - [logStarting,55] - Starting Application on LAPTOP-S46RK93L with PID 1500 (D:\sboot\sboot\target\classes started by hhz in D:\sboot\sboot)
16:02:47.937 [main] DEBUG c.baizhi.Application - [logStarting,56] - Running with Spring Boot v2.2.4.RELEASE, Spring v5.2.3.RELEASE
16:02:47.937 [main] INFO  c.baizhi.Application - [logStartupProfileInfo,651] - No active profile set, falling back to default profiles: default
16:02:48.966 [main] DEBUG r.u.Loggers$LoggerFactory - [debug,249] - Using Slf4j logging framework
16:02:49.366 [main] INFO  c.a.d.s.b.a.DruidDataSourceAutoConfigure - [dataSource,56] - Init DruidDataSource
16:02:49.426 [main] INFO  c.a.d.p.DruidDataSource - [init,1010] - {dataSource-1} inited
16:02:50.745 [main] INFO  c.baizhi.Application - [logStarted,61] - Started Application in 3.189 seconds (JVM running for 3.815)
16:03:26.892 [SpringContextShutdownHook] INFO  c.a.d.p.DruidDataSource - [close,2003] - {dataSource-1} closing ...
16:03:26.892 [SpringContextShutdownHook] INFO  c.a.d.p.DruidDataSource - [close,2075] - {dataSource-1} closed
16:03:30.873 [main] INFO  c.baizhi.Application - [logStarting,55] - Starting Application on LAPTOP-S46RK93L with PID 19744 (D:\sboot\sboot\target\classes started by hhz in D:\sboot\sboot)
16:03:30.883 [main] DEBUG c.baizhi.Application - [logStarting,56] - Running with Spring Boot v2.2.4.RELEASE, Spring v5.2.3.RELEASE
16:03:30.883 [main] INFO  c.baizhi.Application - [logStartupProfileInfo,651] - No active profile set, falling back to default profiles: default
16:03:31.925 [main] DEBUG r.u.Loggers$LoggerFactory - [debug,249] - Using Slf4j logging framework
16:03:32.348 [main] INFO  c.a.d.s.b.a.DruidDataSourceAutoConfigure - [dataSource,56] - Init DruidDataSource
16:03:32.408 [main] INFO  c.a.d.p.DruidDataSource - [init,1010] - {dataSource-1} inited
16:03:33.729 [main] INFO  c.baizhi.Application - [logStarted,61] - Started Application in 3.249 seconds (JVM running for 3.846)
16:05:36.403 [SpringContextShutdownHook] INFO  c.a.d.p.DruidDataSource - [close,2003] - {dataSource-1} closing ...
16:05:36.406 [SpringContextShutdownHook] INFO  c.a.d.p.DruidDataSource - [close,2075] - {dataSource-1} closed
16:05:41.660 [main] INFO  c.baizhi.Application - [logStarting,55] - Starting Application on LAPTOP-S46RK93L with PID 13880 (D:\sboot\sboot\target\classes started by hhz in D:\sboot\sboot)
16:05:41.662 [main] DEBUG c.baizhi.Application - [logStarting,56] - Running with Spring Boot v2.2.4.RELEASE, Spring v5.2.3.RELEASE
16:05:41.662 [main] INFO  c.baizhi.Application - [logStartupProfileInfo,651] - No active profile set, falling back to default profiles: default
16:05:42.773 [main] DEBUG r.u.Loggers$LoggerFactory - [debug,249] - Using Slf4j logging framework
16:05:43.173 [main] INFO  c.a.d.s.b.a.DruidDataSourceAutoConfigure - [dataSource,56] - Init DruidDataSource
16:05:43.231 [main] INFO  c.a.d.p.DruidDataSource - [init,1010] - {dataSource-1} inited
16:05:43.572 [main] INFO  c.a.d.p.DruidDataSource - [close,2003] - {dataSource-1} closing ...
16:05:43.575 [main] INFO  c.a.d.p.DruidDataSource - [close,2075] - {dataSource-1} closed
16:05:43.753 [main] ERROR o.s.b.d.LoggingFailureAnalysisReporter - [report,40] - 

***************************
APPLICATION FAILED TO START
***************************

Description:

A component required a bean of type 'com.spring.RemoveBean' that could not be found.


Action:

Consider defining a bean of type 'com.spring.RemoveBean' in your configuration.

16:06:18.160 [main] INFO  c.baizhi.Application - [logStarting,55] - Starting Application on LAPTOP-S46RK93L with PID 13548 (D:\sboot\sboot\target\classes started by hhz in D:\sboot\sboot)
16:06:18.162 [main] DEBUG c.baizhi.Application - [logStarting,56] - Running with Spring Boot v2.2.4.RELEASE, Spring v5.2.3.RELEASE
16:06:18.163 [main] INFO  c.baizhi.Application - [logStartupProfileInfo,651] - No active profile set, falling back to default profiles: default
16:06:19.204 [main] DEBUG r.u.Loggers$LoggerFactory - [debug,249] - Using Slf4j logging framework
16:06:19.594 [main] INFO  c.a.d.s.b.a.DruidDataSourceAutoConfigure - [dataSource,56] - Init DruidDataSource
16:06:19.654 [main] INFO  c.a.d.p.DruidDataSource - [init,1010] - {dataSource-1} inited
16:06:20.064 [main] INFO  c.a.d.p.DruidDataSource - [close,2003] - {dataSource-1} closing ...
16:06:20.064 [main] INFO  c.a.d.p.DruidDataSource - [close,2075] - {dataSource-1} closed
16:06:20.184 [main] ERROR o.s.b.d.LoggingFailureAnalysisReporter - [report,40] - 

***************************
APPLICATION FAILED TO START
***************************

Description:

Field removeBean in com.baizhi.controller.TrainController required a bean of type 'com.spring.RemoveBean' that could not be found.

The injection point has the following annotations:
	- @org.springframework.beans.factory.annotation.Autowired(required=true)


Action:

Consider defining a bean of type 'com.spring.RemoveBean' in your configuration.

16:07:43.021 [main] INFO  c.baizhi.Application - [logStarting,55] - Starting Application on LAPTOP-S46RK93L with PID 12844 (D:\sboot\sboot\target\classes started by hhz in D:\sboot\sboot)
16:07:43.023 [main] DEBUG c.baizhi.Application - [logStarting,56] - Running with Spring Boot v2.2.4.RELEASE, Spring v5.2.3.RELEASE
16:07:43.024 [main] INFO  c.baizhi.Application - [logStartupProfileInfo,651] - No active profile set, falling back to default profiles: default
16:07:44.058 [main] DEBUG r.u.Loggers$LoggerFactory - [debug,249] - Using Slf4j logging framework
16:07:44.472 [main] INFO  c.a.d.s.b.a.DruidDataSourceAutoConfigure - [dataSource,56] - Init DruidDataSource
16:07:44.531 [main] INFO  c.a.d.p.DruidDataSource - [init,1010] - {dataSource-1} inited
16:07:44.939 [main] INFO  c.a.d.p.DruidDataSource - [close,2003] - {dataSource-1} closing ...
16:07:44.942 [main] INFO  c.a.d.p.DruidDataSource - [close,2075] - {dataSource-1} closed
16:07:45.053 [main] ERROR o.s.b.d.LoggingFailureAnalysisReporter - [report,40] - 

***************************
APPLICATION FAILED TO START
***************************

Description:

Field removeBean in com.baizhi.controller.TrainController required a bean of type 'com.spring.RemoveBean' that could not be found.

The injection point has the following annotations:
	- @org.springframework.beans.factory.annotation.Autowired(required=true)


Action:

Consider defining a bean of type 'com.spring.RemoveBean' in your configuration.

16:08:06.547 [main] INFO  c.baizhi.Application - [logStarting,55] - Starting Application on LAPTOP-S46RK93L with PID 15292 (D:\sboot\sboot\target\classes started by hhz in D:\sboot\sboot)
16:08:06.549 [main] DEBUG c.baizhi.Application - [logStarting,56] - Running with Spring Boot v2.2.4.RELEASE, Spring v5.2.3.RELEASE
16:08:06.550 [main] INFO  c.baizhi.Application - [logStartupProfileInfo,651] - No active profile set, falling back to default profiles: default
16:08:07.594 [main] DEBUG r.u.Loggers$LoggerFactory - [debug,249] - Using Slf4j logging framework
16:08:07.993 [main] INFO  c.a.d.s.b.a.DruidDataSourceAutoConfigure - [dataSource,56] - Init DruidDataSource
16:08:08.056 [main] INFO  c.a.d.p.DruidDataSource - [init,1010] - {dataSource-1} inited
16:08:08.394 [main] INFO  c.a.d.p.DruidDataSource - [close,2003] - {dataSource-1} closing ...
16:08:08.397 [main] INFO  c.a.d.p.DruidDataSource - [close,2075] - {dataSource-1} closed
16:08:08.422 [main] ERROR o.s.b.SpringApplication - [reportFailure,826] - Application run failed
org.springframework.beans.factory.BeanCreationException: Error creating bean with name 'trainController': Injection of resource dependencies failed; nested exception is org.springframework.beans.factory.BeanNotOfRequiredTypeException: Bean named 'removeBean' is expected to be of type 'com.spring.RemoveBean' but was actually of type 'com.baizhi.util.RemoveBean'
	at org.springframework.context.annotation.CommonAnnotationBeanPostProcessor.postProcessProperties(CommonAnnotationBeanPostProcessor.java:337)
	at org.springframework.beans.factory.support.AbstractAutowireCapableBeanFactory.populateBean(AbstractAutowireCapableBeanFactory.java:1422)
	at org.springframework.beans.factory.support.AbstractAutowireCapableBeanFactory.doCreateBean(AbstractAutowireCapableBeanFactory.java:594)
	at org.springframework.beans.factory.support.AbstractAutowireCapableBeanFactory.createBean(AbstractAutowireCapableBeanFactory.java:517)
	at org.springframework.beans.factory.support.AbstractBeanFactory.lambda$doGetBean$0(AbstractBeanFactory.java:323)
	at org.springframework.beans.factory.support.DefaultSingletonBeanRegistry.getSingleton(DefaultSingletonBeanRegistry.java:222)
	at org.springframework.beans.factory.support.AbstractBeanFactory.doGetBean(AbstractBeanFactory.java:321)
	at org.springframework.beans.factory.support.AbstractBeanFactory.getBean(AbstractBeanFactory.java:202)
	at org.springframework.beans.factory.support.DefaultListableBeanFactory.preInstantiateSingletons(DefaultListableBeanFactory.java:879)
	at org.springframework.context.support.AbstractApplicationContext.finishBeanFactoryInitialization(AbstractApplicationContext.java:878)
	at org.springframework.context.support.AbstractApplicationContext.refresh(AbstractApplicationContext.java:550)
	at org.springframework.boot.web.servlet.context.ServletWebServerApplicationContext.refresh(ServletWebServerApplicationContext.java:141)
	at org.springframework.boot.SpringApplication.refresh(SpringApplication.java:747)
	at org.springframework.boot.SpringApplication.refreshContext(SpringApplication.java:397)
	at org.springframework.boot.SpringApplication.run(SpringApplication.java:315)
	at org.springframework.boot.SpringApplication.run(SpringApplication.java:1226)
	at org.springframework.boot.SpringApplication.run(SpringApplication.java:1215)
	at com.baizhi.Application.main(Application.java:19)
Caused by: org.springframework.beans.factory.BeanNotOfRequiredTypeException: Bean named 'removeBean' is expected to be of type 'com.spring.RemoveBean' but was actually of type 'com.baizhi.util.RemoveBean'
	at org.springframework.beans.factory.support.AbstractBeanFactory.doGetBean(AbstractBeanFactory.java:395)
	at org.springframework.beans.factory.support.AbstractBeanFactory.getBean(AbstractBeanFactory.java:207)
	at org.springframework.beans.factory.support.AbstractAutowireCapableBeanFactory.resolveBeanByName(AbstractAutowireCapableBeanFactory.java:454)
	at org.springframework.context.annotation.CommonAnnotationBeanPostProcessor.autowireResource(CommonAnnotationBeanPostProcessor.java:543)
	at org.springframework.context.annotation.CommonAnnotationBeanPostProcessor.getResource(CommonAnnotationBeanPostProcessor.java:513)
	at org.springframework.context.annotation.CommonAnnotationBeanPostProcessor$ResourceElement.getResourceToInject(CommonAnnotationBeanPostProcessor.java:653)
	at org.springframework.beans.factory.annotation.InjectionMetadata$InjectedElement.inject(InjectionMetadata.java:224)
	at org.springframework.beans.factory.annotation.InjectionMetadata.inject(InjectionMetadata.java:116)
	at org.springframework.context.annotation.CommonAnnotationBeanPostProcessor.postProcessProperties(CommonAnnotationBeanPostProcessor.java:334)
	... 17 common frames omitted
16:08:55.322 [main] INFO  c.baizhi.Application - [logStarting,55] - Starting Application on LAPTOP-S46RK93L with PID 23068 (D:\sboot\sboot\target\classes started by hhz in D:\sboot\sboot)
16:08:55.330 [main] DEBUG c.baizhi.Application - [logStarting,56] - Running with Spring Boot v2.2.4.RELEASE, Spring v5.2.3.RELEASE
16:08:55.330 [main] INFO  c.baizhi.Application - [logStartupProfileInfo,651] - No active profile set, falling back to default profiles: default
16:08:56.372 [main] DEBUG r.u.Loggers$LoggerFactory - [debug,249] - Using Slf4j logging framework
16:08:56.776 [main] INFO  c.a.d.s.b.a.DruidDataSourceAutoConfigure - [dataSource,56] - Init DruidDataSource
16:08:56.834 [main] INFO  c.a.d.p.DruidDataSource - [init,1010] - {dataSource-1} inited
16:08:58.213 [main] INFO  c.baizhi.Application - [logStarted,61] - Started Application in 3.259 seconds (JVM running for 3.891)
16:09:02.229 [http-nio-8082-exec-2] ERROR o.a.c.c.C.[.[.[.[dispatcherServlet] - [log,175] - Servlet.service() for servlet [dispatcherServlet] in context with path [/sboot] threw exception [Request processing failed; nested exception is org.springframework.beans.factory.BeanCreationException: Error creating bean with name 'trainController': Injection of resource dependencies failed; nested exception is org.springframework.beans.factory.NoSuchBeanDefinitionException: No qualifying bean of type 'com.baizhi.service.TrainService' available: expected at least 1 bean which qualifies as autowire candidate. Dependency annotations: {@javax.annotation.Resource(shareable=true, lookup=, name=, description=, authenticationType=CONTAINER, type=class java.lang.Object, mappedName=)}] with root cause
org.springframework.beans.factory.NoSuchBeanDefinitionException: No qualifying bean of type 'com.baizhi.service.TrainService' available: expected at least 1 bean which qualifies as autowire candidate. Dependency annotations: {@javax.annotation.Resource(shareable=true, lookup=, name=, description=, authenticationType=CONTAINER, type=class java.lang.Object, mappedName=)}
	at org.springframework.beans.factory.support.DefaultListableBeanFactory.raiseNoMatchingBeanFound(DefaultListableBeanFactory.java:1695)
	at org.springframework.beans.factory.support.DefaultListableBeanFactory.doResolveDependency(DefaultListableBeanFactory.java:1253)
	at org.springframework.beans.factory.support.DefaultListableBeanFactory.resolveDependency(DefaultListableBeanFactory.java:1207)
	at org.springframework.context.annotation.CommonAnnotationBeanPostProcessor.autowireResource(CommonAnnotationBeanPostProcessor.java:537)
	at org.springframework.context.annotation.CommonAnnotationBeanPostProcessor.getResource(CommonAnnotationBeanPostProcessor.java:513)
	at org.springframework.context.annotation.CommonAnnotationBeanPostProcessor$ResourceElement.getResourceToInject(CommonAnnotationBeanPostProcessor.java:653)
	at org.springframework.beans.factory.annotation.InjectionMetadata$InjectedElement.inject(InjectionMetadata.java:224)
	at org.springframework.beans.factory.annotation.InjectionMetadata.inject(InjectionMetadata.java:116)
	at org.springframework.context.annotation.CommonAnnotationBeanPostProcessor.postProcessProperties(CommonAnnotationBeanPostProcessor.java:334)
	at org.springframework.beans.factory.support.AbstractAutowireCapableBeanFactory.populateBean(AbstractAutowireCapableBeanFactory.java:1422)
	at org.springframework.beans.factory.support.AbstractAutowireCapableBeanFactory.doCreateBean(AbstractAutowireCapableBeanFactory.java:594)
	at org.springframework.beans.factory.support.AbstractAutowireCapableBeanFactory.createBean(AbstractAutowireCapableBeanFactory.java:517)
	at org.springframework.beans.factory.support.AbstractBeanFactory.lambda$doGetBean$0(AbstractBeanFactory.java:323)
	at org.springframework.beans.factory.support.DefaultSingletonBeanRegistry.getSingleton(DefaultSingletonBeanRegistry.java:222)
	at org.springframework.beans.factory.support.AbstractBeanFactory.doGetBean(AbstractBeanFactory.java:321)
	at org.springframework.beans.factory.support.AbstractBeanFactory.getBean(AbstractBeanFactory.java:202)
	at org.springframework.web.method.HandlerMethod.createWithResolvedBean(HandlerMethod.java:336)
	at org.springframework.web.servlet.handler.AbstractHandlerMethodMapping.getHandlerInternal(AbstractHandlerMethodMapping.java:368)
	at org.springframework.web.servlet.mvc.method.annotation.RequestMappingHandlerMapping.getHandlerInternal(RequestMappingHandlerMapping.java:449)
	at org.springframework.web.servlet.mvc.method.annotation.RequestMappingHandlerMapping.getHandlerInternal(RequestMappingHandlerMapping.java:67)
	at org.springframework.web.servlet.handler.AbstractHandlerMapping.getHandler(AbstractHandlerMapping.java:395)
	at org.springframework.web.servlet.DispatcherServlet.getHandler(DispatcherServlet.java:1234)
	at org.springframework.web.servlet.DispatcherServlet.doDispatch(DispatcherServlet.java:1016)
	at org.springframework.web.servlet.DispatcherServlet.doService(DispatcherServlet.java:943)
	at org.springframework.web.servlet.FrameworkServlet.processRequest(FrameworkServlet.java:1006)
	at org.springframework.web.servlet.FrameworkServlet.doGet(FrameworkServlet.java:898)
	at javax.servlet.http.HttpServlet.service(HttpServlet.java:634)
	at org.springframework.web.servlet.FrameworkServlet.service(FrameworkServlet.java:883)
	at javax.servlet.http.HttpServlet.service(HttpServlet.java:741)
	at org.apache.catalina.core.ApplicationFilterChain.internalDoFilter(ApplicationFilterChain.java:231)
	at org.apache.catalina.core.ApplicationFilterChain.doFilter(ApplicationFilterChain.java:166)
	at org.apache.tomcat.websocket.server.WsFilter.doFilter(WsFilter.java:53)
	at org.apache.catalina.core.ApplicationFilterChain.internalDoFilter(ApplicationFilterChain.java:193)
	at org.apache.catalina.core.ApplicationFilterChain.doFilter(ApplicationFilterChain.java:166)
	at org.springframework.web.filter.RequestContextFilter.doFilterInternal(RequestContextFilter.java:100)
	at org.springframework.web.filter.OncePerRequestFilter.doFilter(OncePerRequestFilter.java:119)
	at org.apache.catalina.core.ApplicationFilterChain.internalDoFilter(ApplicationFilterChain.java:193)
	at org.apache.catalina.core.ApplicationFilterChain.doFilter(ApplicationFilterChain.java:166)
	at org.springframework.web.filter.FormContentFilter.doFilterInternal(FormContentFilter.java:93)
	at org.springframework.web.filter.OncePerRequestFilter.doFilter(OncePerRequestFilter.java:119)
	at org.apache.catalina.core.ApplicationFilterChain.internalDoFilter(ApplicationFilterChain.java:193)
	at org.apache.catalina.core.ApplicationFilterChain.doFilter(ApplicationFilterChain.java:166)
	at org.springframework.web.filter.CharacterEncodingFilter.doFilterInternal(CharacterEncodingFilter.java:201)
	at org.springframework.web.filter.OncePerRequestFilter.doFilter(OncePerRequestFilter.java:119)
	at org.apache.catalina.core.ApplicationFilterChain.internalDoFilter(ApplicationFilterChain.java:193)
	at org.apache.catalina.core.ApplicationFilterChain.doFilter(ApplicationFilterChain.java:166)
	at org.apache.catalina.core.StandardWrapperValve.invoke(StandardWrapperValve.java:202)
	at org.apache.catalina.core.StandardContextValve.invoke(StandardContextValve.java:96)
	at org.apache.catalina.authenticator.AuthenticatorBase.invoke(AuthenticatorBase.java:541)
	at org.apache.catalina.core.StandardHostValve.invoke(StandardHostValve.java:139)
	at org.apache.catalina.valves.ErrorReportValve.invoke(ErrorReportValve.java:92)
	at org.apache.catalina.core.StandardEngineValve.invoke(StandardEngineValve.java:74)
	at org.apache.catalina.connector.CoyoteAdapter.service(CoyoteAdapter.java:343)
	at org.apache.coyote.http11.Http11Processor.service(Http11Processor.java:367)
	at org.apache.coyote.AbstractProcessorLight.process(AbstractProcessorLight.java:65)
	at org.apache.coyote.AbstractProtocol$ConnectionHandler.process(AbstractProtocol.java:860)
	at org.apache.tomcat.util.net.NioEndpoint$SocketProcessor.doRun(NioEndpoint.java:1598)
	at org.apache.tomcat.util.net.SocketProcessorBase.run(SocketProcessorBase.java:49)
	at java.util.concurrent.ThreadPoolExecutor.runWorker(ThreadPoolExecutor.java:1142)
	at java.util.concurrent.ThreadPoolExecutor$Worker.run(ThreadPoolExecutor.java:617)
	at org.apache.tomcat.util.threads.TaskThread$WrappingRunnable.run(TaskThread.java:61)
	at java.lang.Thread.run(Thread.java:745)
16:09:24.076 [http-nio-8082-exec-3] ERROR o.a.c.c.C.[.[.[.[dispatcherServlet] - [log,175] - Servlet.service() for servlet [dispatcherServlet] in context with path [/sboot] threw exception [Request processing failed; nested exception is org.springframework.beans.factory.BeanCreationException: Error creating bean with name 'trainController': Injection of resource dependencies failed; nested exception is org.springframework.beans.factory.NoSuchBeanDefinitionException: No qualifying bean of type 'com.baizhi.service.TrainService' available: expected at least 1 bean which qualifies as autowire candidate. Dependency annotations: {@javax.annotation.Resource(shareable=true, lookup=, name=, description=, authenticationType=CONTAINER, type=class java.lang.Object, mappedName=)}] with root cause
org.springframework.beans.factory.NoSuchBeanDefinitionException: No qualifying bean of type 'com.baizhi.service.TrainService' available: expected at least 1 bean which qualifies as autowire candidate. Dependency annotations: {@javax.annotation.Resource(shareable=true, lookup=, name=, description=, authenticationType=CONTAINER, type=class java.lang.Object, mappedName=)}
	at org.springframework.beans.factory.support.DefaultListableBeanFactory.raiseNoMatchingBeanFound(DefaultListableBeanFactory.java:1695)
	at org.springframework.beans.factory.support.DefaultListableBeanFactory.doResolveDependency(DefaultListableBeanFactory.java:1253)
	at org.springframework.beans.factory.support.DefaultListableBeanFactory.resolveDependency(DefaultListableBeanFactory.java:1207)
	at org.springframework.context.annotation.CommonAnnotationBeanPostProcessor.autowireResource(CommonAnnotationBeanPostProcessor.java:537)
	at org.springframework.context.annotation.CommonAnnotationBeanPostProcessor.getResource(CommonAnnotationBeanPostProcessor.java:513)
	at org.springframework.context.annotation.CommonAnnotationBeanPostProcessor$ResourceElement.getResourceToInject(CommonAnnotationBeanPostProcessor.java:653)
	at org.springframework.beans.factory.annotation.InjectionMetadata$InjectedElement.inject(InjectionMetadata.java:224)
	at org.springframework.beans.factory.annotation.InjectionMetadata.inject(InjectionMetadata.java:116)
	at org.springframework.context.annotation.CommonAnnotationBeanPostProcessor.postProcessProperties(CommonAnnotationBeanPostProcessor.java:334)
	at org.springframework.beans.factory.support.AbstractAutowireCapableBeanFactory.populateBean(AbstractAutowireCapableBeanFactory.java:1422)
	at org.springframework.beans.factory.support.AbstractAutowireCapableBeanFactory.doCreateBean(AbstractAutowireCapableBeanFactory.java:594)
	at org.springframework.beans.factory.support.AbstractAutowireCapableBeanFactory.createBean(AbstractAutowireCapableBeanFactory.java:517)
	at org.springframework.beans.factory.support.AbstractBeanFactory.lambda$doGetBean$0(AbstractBeanFactory.java:323)
	at org.springframework.beans.factory.support.DefaultSingletonBeanRegistry.getSingleton(DefaultSingletonBeanRegistry.java:222)
	at org.springframework.beans.factory.support.AbstractBeanFactory.doGetBean(AbstractBeanFactory.java:321)
	at org.springframework.beans.factory.support.AbstractBeanFactory.getBean(AbstractBeanFactory.java:202)
	at org.springframework.web.method.HandlerMethod.createWithResolvedBean(HandlerMethod.java:336)
	at org.springframework.web.servlet.handler.AbstractHandlerMethodMapping.getHandlerInternal(AbstractHandlerMethodMapping.java:368)
	at org.springframework.web.servlet.mvc.method.annotation.RequestMappingHandlerMapping.getHandlerInternal(RequestMappingHandlerMapping.java:449)
	at org.springframework.web.servlet.mvc.method.annotation.RequestMappingHandlerMapping.getHandlerInternal(RequestMappingHandlerMapping.java:67)
	at org.springframework.web.servlet.handler.AbstractHandlerMapping.getHandler(AbstractHandlerMapping.java:395)
	at org.springframework.web.servlet.DispatcherServlet.getHandler(DispatcherServlet.java:1234)
	at org.springframework.web.servlet.DispatcherServlet.doDispatch(DispatcherServlet.java:1016)
	at org.springframework.web.servlet.DispatcherServlet.doService(DispatcherServlet.java:943)
	at org.springframework.web.servlet.FrameworkServlet.processRequest(FrameworkServlet.java:1006)
	at org.springframework.web.servlet.FrameworkServlet.doGet(FrameworkServlet.java:898)
	at javax.servlet.http.HttpServlet.service(HttpServlet.java:634)
	at org.springframework.web.servlet.FrameworkServlet.service(FrameworkServlet.java:883)
	at javax.servlet.http.HttpServlet.service(HttpServlet.java:741)
	at org.apache.catalina.core.ApplicationFilterChain.internalDoFilter(ApplicationFilterChain.java:231)
	at org.apache.catalina.core.ApplicationFilterChain.doFilter(ApplicationFilterChain.java:166)
	at org.apache.tomcat.websocket.server.WsFilter.doFilter(WsFilter.java:53)
	at org.apache.catalina.core.ApplicationFilterChain.internalDoFilter(ApplicationFilterChain.java:193)
	at org.apache.catalina.core.ApplicationFilterChain.doFilter(ApplicationFilterChain.java:166)
	at org.springframework.web.filter.RequestContextFilter.doFilterInternal(RequestContextFilter.java:100)
	at org.springframework.web.filter.OncePerRequestFilter.doFilter(OncePerRequestFilter.java:119)
	at org.apache.catalina.core.ApplicationFilterChain.internalDoFilter(ApplicationFilterChain.java:193)
	at org.apache.catalina.core.ApplicationFilterChain.doFilter(ApplicationFilterChain.java:166)
	at org.springframework.web.filter.FormContentFilter.doFilterInternal(FormContentFilter.java:93)
	at org.springframework.web.filter.OncePerRequestFilter.doFilter(OncePerRequestFilter.java:119)
	at org.apache.catalina.core.ApplicationFilterChain.internalDoFilter(ApplicationFilterChain.java:193)
	at org.apache.catalina.core.ApplicationFilterChain.doFilter(ApplicationFilterChain.java:166)
	at org.springframework.web.filter.CharacterEncodingFilter.doFilterInternal(CharacterEncodingFilter.java:201)
	at org.springframework.web.filter.OncePerRequestFilter.doFilter(OncePerRequestFilter.java:119)
	at org.apache.catalina.core.ApplicationFilterChain.internalDoFilter(ApplicationFilterChain.java:193)
	at org.apache.catalina.core.ApplicationFilterChain.doFilter(ApplicationFilterChain.java:166)
	at org.apache.catalina.core.StandardWrapperValve.invoke(StandardWrapperValve.java:202)
	at org.apache.catalina.core.StandardContextValve.invoke(StandardContextValve.java:96)
	at org.apache.catalina.authenticator.AuthenticatorBase.invoke(AuthenticatorBase.java:541)
	at org.apache.catalina.core.StandardHostValve.invoke(StandardHostValve.java:139)
	at org.apache.catalina.valves.ErrorReportValve.invoke(ErrorReportValve.java:92)
	at org.apache.catalina.core.StandardEngineValve.invoke(StandardEngineValve.java:74)
	at org.apache.catalina.connector.CoyoteAdapter.service(CoyoteAdapter.java:343)
	at org.apache.coyote.http11.Http11Processor.service(Http11Processor.java:367)
	at org.apache.coyote.AbstractProcessorLight.process(AbstractProcessorLight.java:65)
	at org.apache.coyote.AbstractProtocol$ConnectionHandler.process(AbstractProtocol.java:860)
	at org.apache.tomcat.util.net.NioEndpoint$SocketProcessor.doRun(NioEndpoint.java:1598)
	at org.apache.tomcat.util.net.SocketProcessorBase.run(SocketProcessorBase.java:49)
	at java.util.concurrent.ThreadPoolExecutor.runWorker(ThreadPoolExecutor.java:1142)
	at java.util.concurrent.ThreadPoolExecutor$Worker.run(ThreadPoolExecutor.java:617)
	at org.apache.tomcat.util.threads.TaskThread$WrappingRunnable.run(TaskThread.java:61)
	at java.lang.Thread.run(Thread.java:745)
16:10:26.858 [SpringContextShutdownHook] INFO  c.a.d.p.DruidDataSource - [close,2003] - {dataSource-1} closing ...
16:10:26.861 [SpringContextShutdownHook] INFO  c.a.d.p.DruidDataSource - [close,2075] - {dataSource-1} closed
16:12:14.391 [main] INFO  c.baizhi.Application - [logStarting,55] - Starting Application on LAPTOP-S46RK93L with PID 25252 (D:\sboot\sboot\target\classes started by hhz in D:\sboot\sboot)
16:12:14.394 [main] DEBUG c.baizhi.Application - [logStarting,56] - Running with Spring Boot v2.2.4.RELEASE, Spring v5.2.3.RELEASE
16:12:14.394 [main] INFO  c.baizhi.Application - [logStartupProfileInfo,651] - No active profile set, falling back to default profiles: default
16:12:15.490 [main] DEBUG r.u.Loggers$LoggerFactory - [debug,249] - Using Slf4j logging framework
16:12:15.954 [main] INFO  c.a.d.s.b.a.DruidDataSourceAutoConfigure - [dataSource,56] - Init DruidDataSource
16:12:16.011 [main] INFO  c.a.d.p.DruidDataSource - [init,1010] - {dataSource-1} inited
16:12:17.354 [main] INFO  c.baizhi.Application - [logStarted,61] - Started Application in 3.349 seconds (JVM running for 3.97)
16:12:24.650 [http-nio-8082-exec-2] ERROR o.a.c.c.C.[.[.[.[dispatcherServlet] - [log,175] - Servlet.service() for servlet [dispatcherServlet] in context with path [/sboot] threw exception [Request processing failed; nested exception is org.springframework.beans.factory.BeanCreationException: Error creating bean with name 'trainController': Injection of resource dependencies failed; nested exception is org.springframework.beans.factory.NoSuchBeanDefinitionException: No qualifying bean of type 'com.baizhi.service.TrainService' available: expected at least 1 bean which qualifies as autowire candidate. Dependency annotations: {@javax.annotation.Resource(shareable=true, lookup=, name=, description=, authenticationType=CONTAINER, type=class java.lang.Object, mappedName=)}] with root cause
org.springframework.beans.factory.NoSuchBeanDefinitionException: No qualifying bean of type 'com.baizhi.service.TrainService' available: expected at least 1 bean which qualifies as autowire candidate. Dependency annotations: {@javax.annotation.Resource(shareable=true, lookup=, name=, description=, authenticationType=CONTAINER, type=class java.lang.Object, mappedName=)}
	at org.springframework.beans.factory.support.DefaultListableBeanFactory.raiseNoMatchingBeanFound(DefaultListableBeanFactory.java:1695)
	at org.springframework.beans.factory.support.DefaultListableBeanFactory.doResolveDependency(DefaultListableBeanFactory.java:1253)
	at org.springframework.beans.factory.support.DefaultListableBeanFactory.resolveDependency(DefaultListableBeanFactory.java:1207)
	at org.springframework.context.annotation.CommonAnnotationBeanPostProcessor.autowireResource(CommonAnnotationBeanPostProcessor.java:537)
	at org.springframework.context.annotation.CommonAnnotationBeanPostProcessor.getResource(CommonAnnotationBeanPostProcessor.java:513)
	at org.springframework.context.annotation.CommonAnnotationBeanPostProcessor$ResourceElement.getResourceToInject(CommonAnnotationBeanPostProcessor.java:653)
	at org.springframework.beans.factory.annotation.InjectionMetadata$InjectedElement.inject(InjectionMetadata.java:224)
	at org.springframework.beans.factory.annotation.InjectionMetadata.inject(InjectionMetadata.java:116)
	at org.springframework.context.annotation.CommonAnnotationBeanPostProcessor.postProcessProperties(CommonAnnotationBeanPostProcessor.java:334)
	at org.springframework.beans.factory.support.AbstractAutowireCapableBeanFactory.populateBean(AbstractAutowireCapableBeanFactory.java:1422)
	at org.springframework.beans.factory.support.AbstractAutowireCapableBeanFactory.doCreateBean(AbstractAutowireCapableBeanFactory.java:594)
	at org.springframework.beans.factory.support.AbstractAutowireCapableBeanFactory.createBean(AbstractAutowireCapableBeanFactory.java:517)
	at org.springframework.beans.factory.support.AbstractBeanFactory.lambda$doGetBean$0(AbstractBeanFactory.java:323)
	at org.springframework.beans.factory.support.DefaultSingletonBeanRegistry.getSingleton(DefaultSingletonBeanRegistry.java:222)
	at org.springframework.beans.factory.support.AbstractBeanFactory.doGetBean(AbstractBeanFactory.java:321)
	at org.springframework.beans.factory.support.AbstractBeanFactory.getBean(AbstractBeanFactory.java:202)
	at org.springframework.web.method.HandlerMethod.createWithResolvedBean(HandlerMethod.java:336)
	at org.springframework.web.servlet.handler.AbstractHandlerMethodMapping.getHandlerInternal(AbstractHandlerMethodMapping.java:368)
	at org.springframework.web.servlet.mvc.method.annotation.RequestMappingHandlerMapping.getHandlerInternal(RequestMappingHandlerMapping.java:449)
	at org.springframework.web.servlet.mvc.method.annotation.RequestMappingHandlerMapping.getHandlerInternal(RequestMappingHandlerMapping.java:67)
	at org.springframework.web.servlet.handler.AbstractHandlerMapping.getHandler(AbstractHandlerMapping.java:395)
	at org.springframework.web.servlet.DispatcherServlet.getHandler(DispatcherServlet.java:1234)
	at org.springframework.web.servlet.DispatcherServlet.doDispatch(DispatcherServlet.java:1016)
	at org.springframework.web.servlet.DispatcherServlet.doService(DispatcherServlet.java:943)
	at org.springframework.web.servlet.FrameworkServlet.processRequest(FrameworkServlet.java:1006)
	at org.springframework.web.servlet.FrameworkServlet.doGet(FrameworkServlet.java:898)
	at javax.servlet.http.HttpServlet.service(HttpServlet.java:634)
	at org.springframework.web.servlet.FrameworkServlet.service(FrameworkServlet.java:883)
	at javax.servlet.http.HttpServlet.service(HttpServlet.java:741)
	at org.apache.catalina.core.ApplicationFilterChain.internalDoFilter(ApplicationFilterChain.java:231)
	at org.apache.catalina.core.ApplicationFilterChain.doFilter(ApplicationFilterChain.java:166)
	at org.apache.tomcat.websocket.server.WsFilter.doFilter(WsFilter.java:53)
	at org.apache.catalina.core.ApplicationFilterChain.internalDoFilter(ApplicationFilterChain.java:193)
	at org.apache.catalina.core.ApplicationFilterChain.doFilter(ApplicationFilterChain.java:166)
	at org.springframework.web.filter.RequestContextFilter.doFilterInternal(RequestContextFilter.java:100)
	at org.springframework.web.filter.OncePerRequestFilter.doFilter(OncePerRequestFilter.java:119)
	at org.apache.catalina.core.ApplicationFilterChain.internalDoFilter(ApplicationFilterChain.java:193)
	at org.apache.catalina.core.ApplicationFilterChain.doFilter(ApplicationFilterChain.java:166)
	at org.springframework.web.filter.FormContentFilter.doFilterInternal(FormContentFilter.java:93)
	at org.springframework.web.filter.OncePerRequestFilter.doFilter(OncePerRequestFilter.java:119)
	at org.apache.catalina.core.ApplicationFilterChain.internalDoFilter(ApplicationFilterChain.java:193)
	at org.apache.catalina.core.ApplicationFilterChain.doFilter(ApplicationFilterChain.java:166)
	at org.springframework.web.filter.CharacterEncodingFilter.doFilterInternal(CharacterEncodingFilter.java:201)
	at org.springframework.web.filter.OncePerRequestFilter.doFilter(OncePerRequestFilter.java:119)
	at org.apache.catalina.core.ApplicationFilterChain.internalDoFilter(ApplicationFilterChain.java:193)
	at org.apache.catalina.core.ApplicationFilterChain.doFilter(ApplicationFilterChain.java:166)
	at org.apache.catalina.core.StandardWrapperValve.invoke(StandardWrapperValve.java:202)
	at org.apache.catalina.core.StandardContextValve.invoke(StandardContextValve.java:96)
	at org.apache.catalina.authenticator.AuthenticatorBase.invoke(AuthenticatorBase.java:541)
	at org.apache.catalina.core.StandardHostValve.invoke(StandardHostValve.java:139)
	at org.apache.catalina.valves.ErrorReportValve.invoke(ErrorReportValve.java:92)
	at org.apache.catalina.core.StandardEngineValve.invoke(StandardEngineValve.java:74)
	at org.apache.catalina.connector.CoyoteAdapter.service(CoyoteAdapter.java:343)
	at org.apache.coyote.http11.Http11Processor.service(Http11Processor.java:367)
	at org.apache.coyote.AbstractProcessorLight.process(AbstractProcessorLight.java:65)
	at org.apache.coyote.AbstractProtocol$ConnectionHandler.process(AbstractProtocol.java:860)
	at org.apache.tomcat.util.net.NioEndpoint$SocketProcessor.doRun(NioEndpoint.java:1598)
	at org.apache.tomcat.util.net.SocketProcessorBase.run(SocketProcessorBase.java:49)
	at java.util.concurrent.ThreadPoolExecutor.runWorker(ThreadPoolExecutor.java:1142)
	at java.util.concurrent.ThreadPoolExecutor$Worker.run(ThreadPoolExecutor.java:617)
	at org.apache.tomcat.util.threads.TaskThread$WrappingRunnable.run(TaskThread.java:61)
	at java.lang.Thread.run(Thread.java:745)
16:16:24.861 [SpringContextShutdownHook] INFO  c.a.d.p.DruidDataSource - [close,2003] - {dataSource-1} closing ...
16:16:24.871 [SpringContextShutdownHook] INFO  c.a.d.p.DruidDataSource - [close,2075] - {dataSource-1} closed
16:16:28.899 [main] INFO  c.baizhi.Application - [logStarting,55] - Starting Application on LAPTOP-S46RK93L with PID 668 (D:\sboot\sboot\target\classes started by hhz in D:\sboot\sboot)
16:16:28.901 [main] DEBUG c.baizhi.Application - [logStarting,56] - Running with Spring Boot v2.2.4.RELEASE, Spring v5.2.3.RELEASE
16:16:28.902 [main] INFO  c.baizhi.Application - [logStartupProfileInfo,651] - No active profile set, falling back to default profiles: default
16:16:29.916 [main] DEBUG r.u.Loggers$LoggerFactory - [debug,249] - Using Slf4j logging framework
16:16:30.356 [main] INFO  c.a.d.s.b.a.DruidDataSourceAutoConfigure - [dataSource,56] - Init DruidDataSource
16:16:30.416 [main] INFO  c.a.d.p.DruidDataSource - [init,1010] - {dataSource-1} inited
16:16:31.773 [main] INFO  c.baizhi.Application - [logStarted,61] - Started Application in 3.255 seconds (JVM running for 3.864)
16:16:35.932 [http-nio-8082-exec-2] ERROR o.a.c.c.C.[.[.[.[dispatcherServlet] - [log,175] - Servlet.service() for servlet [dispatcherServlet] in context with path [/sboot] threw exception [Request processing failed; nested exception is org.springframework.beans.factory.BeanCreationException: Error creating bean with name 'trainController': Injection of resource dependencies failed; nested exception is org.springframework.beans.factory.NoSuchBeanDefinitionException: No qualifying bean of type 'com.baizhi.service.TrainService' available: expected at least 1 bean which qualifies as autowire candidate. Dependency annotations: {@javax.annotation.Resource(shareable=true, lookup=, name=, description=, authenticationType=CONTAINER, type=class java.lang.Object, mappedName=)}] with root cause
org.springframework.beans.factory.NoSuchBeanDefinitionException: No qualifying bean of type 'com.baizhi.service.TrainService' available: expected at least 1 bean which qualifies as autowire candidate. Dependency annotations: {@javax.annotation.Resource(shareable=true, lookup=, name=, description=, authenticationType=CONTAINER, type=class java.lang.Object, mappedName=)}
	at org.springframework.beans.factory.support.DefaultListableBeanFactory.raiseNoMatchingBeanFound(DefaultListableBeanFactory.java:1695)
	at org.springframework.beans.factory.support.DefaultListableBeanFactory.doResolveDependency(DefaultListableBeanFactory.java:1253)
	at org.springframework.beans.factory.support.DefaultListableBeanFactory.resolveDependency(DefaultListableBeanFactory.java:1207)
	at org.springframework.context.annotation.CommonAnnotationBeanPostProcessor.autowireResource(CommonAnnotationBeanPostProcessor.java:537)
	at org.springframework.context.annotation.CommonAnnotationBeanPostProcessor.getResource(CommonAnnotationBeanPostProcessor.java:513)
	at org.springframework.context.annotation.CommonAnnotationBeanPostProcessor$ResourceElement.getResourceToInject(CommonAnnotationBeanPostProcessor.java:653)
	at org.springframework.beans.factory.annotation.InjectionMetadata$InjectedElement.inject(InjectionMetadata.java:224)
	at org.springframework.beans.factory.annotation.InjectionMetadata.inject(InjectionMetadata.java:116)
	at org.springframework.context.annotation.CommonAnnotationBeanPostProcessor.postProcessProperties(CommonAnnotationBeanPostProcessor.java:334)
	at org.springframework.beans.factory.support.AbstractAutowireCapableBeanFactory.populateBean(AbstractAutowireCapableBeanFactory.java:1422)
	at org.springframework.beans.factory.support.AbstractAutowireCapableBeanFactory.doCreateBean(AbstractAutowireCapableBeanFactory.java:594)
	at org.springframework.beans.factory.support.AbstractAutowireCapableBeanFactory.createBean(AbstractAutowireCapableBeanFactory.java:517)
	at org.springframework.beans.factory.support.AbstractBeanFactory.lambda$doGetBean$0(AbstractBeanFactory.java:323)
	at org.springframework.beans.factory.support.DefaultSingletonBeanRegistry.getSingleton(DefaultSingletonBeanRegistry.java:222)
	at org.springframework.beans.factory.support.AbstractBeanFactory.doGetBean(AbstractBeanFactory.java:321)
	at org.springframework.beans.factory.support.AbstractBeanFactory.getBean(AbstractBeanFactory.java:202)
	at org.springframework.web.method.HandlerMethod.createWithResolvedBean(HandlerMethod.java:336)
	at org.springframework.web.servlet.handler.AbstractHandlerMethodMapping.getHandlerInternal(AbstractHandlerMethodMapping.java:368)
	at org.springframework.web.servlet.mvc.method.annotation.RequestMappingHandlerMapping.getHandlerInternal(RequestMappingHandlerMapping.java:449)
	at org.springframework.web.servlet.mvc.method.annotation.RequestMappingHandlerMapping.getHandlerInternal(RequestMappingHandlerMapping.java:67)
	at org.springframework.web.servlet.handler.AbstractHandlerMapping.getHandler(AbstractHandlerMapping.java:395)
	at org.springframework.web.servlet.DispatcherServlet.getHandler(DispatcherServlet.java:1234)
	at org.springframework.web.servlet.DispatcherServlet.doDispatch(DispatcherServlet.java:1016)
	at org.springframework.web.servlet.DispatcherServlet.doService(DispatcherServlet.java:943)
	at org.springframework.web.servlet.FrameworkServlet.processRequest(FrameworkServlet.java:1006)
	at org.springframework.web.servlet.FrameworkServlet.doGet(FrameworkServlet.java:898)
	at javax.servlet.http.HttpServlet.service(HttpServlet.java:634)
	at org.springframework.web.servlet.FrameworkServlet.service(FrameworkServlet.java:883)
	at javax.servlet.http.HttpServlet.service(HttpServlet.java:741)
	at org.apache.catalina.core.ApplicationFilterChain.internalDoFilter(ApplicationFilterChain.java:231)
	at org.apache.catalina.core.ApplicationFilterChain.doFilter(ApplicationFilterChain.java:166)
	at org.apache.tomcat.websocket.server.WsFilter.doFilter(WsFilter.java:53)
	at org.apache.catalina.core.ApplicationFilterChain.internalDoFilter(ApplicationFilterChain.java:193)
	at org.apache.catalina.core.ApplicationFilterChain.doFilter(ApplicationFilterChain.java:166)
	at org.springframework.web.filter.RequestContextFilter.doFilterInternal(RequestContextFilter.java:100)
	at org.springframework.web.filter.OncePerRequestFilter.doFilter(OncePerRequestFilter.java:119)
	at org.apache.catalina.core.ApplicationFilterChain.internalDoFilter(ApplicationFilterChain.java:193)
	at org.apache.catalina.core.ApplicationFilterChain.doFilter(ApplicationFilterChain.java:166)
	at org.springframework.web.filter.FormContentFilter.doFilterInternal(FormContentFilter.java:93)
	at org.springframework.web.filter.OncePerRequestFilter.doFilter(OncePerRequestFilter.java:119)
	at org.apache.catalina.core.ApplicationFilterChain.internalDoFilter(ApplicationFilterChain.java:193)
	at org.apache.catalina.core.ApplicationFilterChain.doFilter(ApplicationFilterChain.java:166)
	at org.springframework.web.filter.CharacterEncodingFilter.doFilterInternal(CharacterEncodingFilter.java:201)
	at org.springframework.web.filter.OncePerRequestFilter.doFilter(OncePerRequestFilter.java:119)
	at org.apache.catalina.core.ApplicationFilterChain.internalDoFilter(ApplicationFilterChain.java:193)
	at org.apache.catalina.core.ApplicationFilterChain.doFilter(ApplicationFilterChain.java:166)
	at org.apache.catalina.core.StandardWrapperValve.invoke(StandardWrapperValve.java:202)
	at org.apache.catalina.core.StandardContextValve.invoke(StandardContextValve.java:96)
	at org.apache.catalina.authenticator.AuthenticatorBase.invoke(AuthenticatorBase.java:541)
	at org.apache.catalina.core.StandardHostValve.invoke(StandardHostValve.java:139)
	at org.apache.catalina.valves.ErrorReportValve.invoke(ErrorReportValve.java:92)
	at org.apache.catalina.core.StandardEngineValve.invoke(StandardEngineValve.java:74)
	at org.apache.catalina.connector.CoyoteAdapter.service(CoyoteAdapter.java:343)
	at org.apache.coyote.http11.Http11Processor.service(Http11Processor.java:367)
	at org.apache.coyote.AbstractProcessorLight.process(AbstractProcessorLight.java:65)
	at org.apache.coyote.AbstractProtocol$ConnectionHandler.process(AbstractProtocol.java:860)
	at org.apache.tomcat.util.net.NioEndpoint$SocketProcessor.doRun(NioEndpoint.java:1598)
	at org.apache.tomcat.util.net.SocketProcessorBase.run(SocketProcessorBase.java:49)
	at java.util.concurrent.ThreadPoolExecutor.runWorker(ThreadPoolExecutor.java:1142)
	at java.util.concurrent.ThreadPoolExecutor$Worker.run(ThreadPoolExecutor.java:617)
	at org.apache.tomcat.util.threads.TaskThread$WrappingRunnable.run(TaskThread.java:61)
	at java.lang.Thread.run(Thread.java:745)
16:16:42.928 [http-nio-8082-exec-3] ERROR o.a.c.c.C.[.[.[.[dispatcherServlet] - [log,175] - Servlet.service() for servlet [dispatcherServlet] in context with path [/sboot] threw exception [Request processing failed; nested exception is org.springframework.beans.factory.BeanCreationException: Error creating bean with name 'trainController': Injection of resource dependencies failed; nested exception is org.springframework.beans.factory.NoSuchBeanDefinitionException: No qualifying bean of type 'com.baizhi.service.TrainService' available: expected at least 1 bean which qualifies as autowire candidate. Dependency annotations: {@javax.annotation.Resource(shareable=true, lookup=, name=, description=, authenticationType=CONTAINER, type=class java.lang.Object, mappedName=)}] with root cause
org.springframework.beans.factory.NoSuchBeanDefinitionException: No qualifying bean of type 'com.baizhi.service.TrainService' available: expected at least 1 bean which qualifies as autowire candidate. Dependency annotations: {@javax.annotation.Resource(shareable=true, lookup=, name=, description=, authenticationType=CONTAINER, type=class java.lang.Object, mappedName=)}
	at org.springframework.beans.factory.support.DefaultListableBeanFactory.raiseNoMatchingBeanFound(DefaultListableBeanFactory.java:1695)
	at org.springframework.beans.factory.support.DefaultListableBeanFactory.doResolveDependency(DefaultListableBeanFactory.java:1253)
	at org.springframework.beans.factory.support.DefaultListableBeanFactory.resolveDependency(DefaultListableBeanFactory.java:1207)
	at org.springframework.context.annotation.CommonAnnotationBeanPostProcessor.autowireResource(CommonAnnotationBeanPostProcessor.java:537)
	at org.springframework.context.annotation.CommonAnnotationBeanPostProcessor.getResource(CommonAnnotationBeanPostProcessor.java:513)
	at org.springframework.context.annotation.CommonAnnotationBeanPostProcessor$ResourceElement.getResourceToInject(CommonAnnotationBeanPostProcessor.java:653)
	at org.springframework.beans.factory.annotation.InjectionMetadata$InjectedElement.inject(InjectionMetadata.java:224)
	at org.springframework.beans.factory.annotation.InjectionMetadata.inject(InjectionMetadata.java:116)
	at org.springframework.context.annotation.CommonAnnotationBeanPostProcessor.postProcessProperties(CommonAnnotationBeanPostProcessor.java:334)
	at org.springframework.beans.factory.support.AbstractAutowireCapableBeanFactory.populateBean(AbstractAutowireCapableBeanFactory.java:1422)
	at org.springframework.beans.factory.support.AbstractAutowireCapableBeanFactory.doCreateBean(AbstractAutowireCapableBeanFactory.java:594)
	at org.springframework.beans.factory.support.AbstractAutowireCapableBeanFactory.createBean(AbstractAutowireCapableBeanFactory.java:517)
	at org.springframework.beans.factory.support.AbstractBeanFactory.lambda$doGetBean$0(AbstractBeanFactory.java:323)
	at org.springframework.beans.factory.support.DefaultSingletonBeanRegistry.getSingleton(DefaultSingletonBeanRegistry.java:222)
	at org.springframework.beans.factory.support.AbstractBeanFactory.doGetBean(AbstractBeanFactory.java:321)
	at org.springframework.beans.factory.support.AbstractBeanFactory.getBean(AbstractBeanFactory.java:202)
	at org.springframework.web.method.HandlerMethod.createWithResolvedBean(HandlerMethod.java:336)
	at org.springframework.web.servlet.handler.AbstractHandlerMethodMapping.getHandlerInternal(AbstractHandlerMethodMapping.java:368)
	at org.springframework.web.servlet.mvc.method.annotation.RequestMappingHandlerMapping.getHandlerInternal(RequestMappingHandlerMapping.java:449)
	at org.springframework.web.servlet.mvc.method.annotation.RequestMappingHandlerMapping.getHandlerInternal(RequestMappingHandlerMapping.java:67)
	at org.springframework.web.servlet.handler.AbstractHandlerMapping.getHandler(AbstractHandlerMapping.java:395)
	at org.springframework.web.servlet.DispatcherServlet.getHandler(DispatcherServlet.java:1234)
	at org.springframework.web.servlet.DispatcherServlet.doDispatch(DispatcherServlet.java:1016)
	at org.springframework.web.servlet.DispatcherServlet.doService(DispatcherServlet.java:943)
	at org.springframework.web.servlet.FrameworkServlet.processRequest(FrameworkServlet.java:1006)
	at org.springframework.web.servlet.FrameworkServlet.doGet(FrameworkServlet.java:898)
	at javax.servlet.http.HttpServlet.service(HttpServlet.java:634)
	at org.springframework.web.servlet.FrameworkServlet.service(FrameworkServlet.java:883)
	at javax.servlet.http.HttpServlet.service(HttpServlet.java:741)
	at org.apache.catalina.core.ApplicationFilterChain.internalDoFilter(ApplicationFilterChain.java:231)
	at org.apache.catalina.core.ApplicationFilterChain.doFilter(ApplicationFilterChain.java:166)
	at org.apache.tomcat.websocket.server.WsFilter.doFilter(WsFilter.java:53)
	at org.apache.catalina.core.ApplicationFilterChain.internalDoFilter(ApplicationFilterChain.java:193)
	at org.apache.catalina.core.ApplicationFilterChain.doFilter(ApplicationFilterChain.java:166)
	at org.springframework.web.filter.RequestContextFilter.doFilterInternal(RequestContextFilter.java:100)
	at org.springframework.web.filter.OncePerRequestFilter.doFilter(OncePerRequestFilter.java:119)
	at org.apache.catalina.core.ApplicationFilterChain.internalDoFilter(ApplicationFilterChain.java:193)
	at org.apache.catalina.core.ApplicationFilterChain.doFilter(ApplicationFilterChain.java:166)
	at org.springframework.web.filter.FormContentFilter.doFilterInternal(FormContentFilter.java:93)
	at org.springframework.web.filter.OncePerRequestFilter.doFilter(OncePerRequestFilter.java:119)
	at org.apache.catalina.core.ApplicationFilterChain.internalDoFilter(ApplicationFilterChain.java:193)
	at org.apache.catalina.core.ApplicationFilterChain.doFilter(ApplicationFilterChain.java:166)
	at org.springframework.web.filter.CharacterEncodingFilter.doFilterInternal(CharacterEncodingFilter.java:201)
	at org.springframework.web.filter.OncePerRequestFilter.doFilter(OncePerRequestFilter.java:119)
	at org.apache.catalina.core.ApplicationFilterChain.internalDoFilter(ApplicationFilterChain.java:193)
	at org.apache.catalina.core.ApplicationFilterChain.doFilter(ApplicationFilterChain.java:166)
	at org.apache.catalina.core.StandardWrapperValve.invoke(StandardWrapperValve.java:202)
	at org.apache.catalina.core.StandardContextValve.invoke(StandardContextValve.java:96)
	at org.apache.catalina.authenticator.AuthenticatorBase.invoke(AuthenticatorBase.java:541)
	at org.apache.catalina.core.StandardHostValve.invoke(StandardHostValve.java:139)
	at org.apache.catalina.valves.ErrorReportValve.invoke(ErrorReportValve.java:92)
	at org.apache.catalina.core.StandardEngineValve.invoke(StandardEngineValve.java:74)
	at org.apache.catalina.connector.CoyoteAdapter.service(CoyoteAdapter.java:343)
	at org.apache.coyote.http11.Http11Processor.service(Http11Processor.java:367)
	at org.apache.coyote.AbstractProcessorLight.process(AbstractProcessorLight.java:65)
	at org.apache.coyote.AbstractProtocol$ConnectionHandler.process(AbstractProtocol.java:860)
	at org.apache.tomcat.util.net.NioEndpoint$SocketProcessor.doRun(NioEndpoint.java:1598)
	at org.apache.tomcat.util.net.SocketProcessorBase.run(SocketProcessorBase.java:49)
	at java.util.concurrent.ThreadPoolExecutor.runWorker(ThreadPoolExecutor.java:1142)
	at java.util.concurrent.ThreadPoolExecutor$Worker.run(ThreadPoolExecutor.java:617)
	at org.apache.tomcat.util.threads.TaskThread$WrappingRunnable.run(TaskThread.java:61)
	at java.lang.Thread.run(Thread.java:745)
16:16:54.929 [SpringContextShutdownHook] INFO  c.a.d.p.DruidDataSource - [close,2003] - {dataSource-1} closing ...
16:16:54.939 [SpringContextShutdownHook] INFO  c.a.d.p.DruidDataSource - [close,2075] - {dataSource-1} closed
16:16:59.048 [main] INFO  c.baizhi.Application - [logStarting,55] - Starting Application on LAPTOP-S46RK93L with PID 18140 (D:\sboot\sboot\target\classes started by hhz in D:\sboot\sboot)
16:16:59.050 [main] DEBUG c.baizhi.Application - [logStarting,56] - Running with Spring Boot v2.2.4.RELEASE, Spring v5.2.3.RELEASE
16:16:59.051 [main] INFO  c.baizhi.Application - [logStartupProfileInfo,651] - No active profile set, falling back to default profiles: default
16:17:00.074 [main] DEBUG r.u.Loggers$LoggerFactory - [debug,249] - Using Slf4j logging framework
16:17:00.464 [main] INFO  c.a.d.s.b.a.DruidDataSourceAutoConfigure - [dataSource,56] - Init DruidDataSource
16:17:00.530 [main] INFO  c.a.d.p.DruidDataSource - [init,1010] - {dataSource-1} inited
16:17:01.898 [main] INFO  c.baizhi.Application - [logStarted,61] - Started Application in 3.224 seconds (JVM running for 3.865)
16:18:29.206 [http-nio-8082-exec-2] ERROR o.a.c.c.C.[.[.[.[dispatcherServlet] - [log,175] - Servlet.service() for servlet [dispatcherServlet] in context with path [/sboot] threw exception [Request processing failed; nested exception is org.springframework.beans.factory.BeanCreationException: Error creating bean with name 'trainController': Injection of resource dependencies failed; nested exception is org.springframework.beans.factory.NoSuchBeanDefinitionException: No qualifying bean of type 'com.baizhi.service.TrainService' available: expected at least 1 bean which qualifies as autowire candidate. Dependency annotations: {@javax.annotation.Resource(shareable=true, lookup=, name=, description=, authenticationType=CONTAINER, type=class java.lang.Object, mappedName=)}] with root cause
org.springframework.beans.factory.NoSuchBeanDefinitionException: No qualifying bean of type 'com.baizhi.service.TrainService' available: expected at least 1 bean which qualifies as autowire candidate. Dependency annotations: {@javax.annotation.Resource(shareable=true, lookup=, name=, description=, authenticationType=CONTAINER, type=class java.lang.Object, mappedName=)}
	at org.springframework.beans.factory.support.DefaultListableBeanFactory.raiseNoMatchingBeanFound(DefaultListableBeanFactory.java:1695)
	at org.springframework.beans.factory.support.DefaultListableBeanFactory.doResolveDependency(DefaultListableBeanFactory.java:1253)
	at org.springframework.beans.factory.support.DefaultListableBeanFactory.resolveDependency(DefaultListableBeanFactory.java:1207)
	at org.springframework.context.annotation.CommonAnnotationBeanPostProcessor.autowireResource(CommonAnnotationBeanPostProcessor.java:537)
	at org.springframework.context.annotation.CommonAnnotationBeanPostProcessor.getResource(CommonAnnotationBeanPostProcessor.java:513)
	at org.springframework.context.annotation.CommonAnnotationBeanPostProcessor$ResourceElement.getResourceToInject(CommonAnnotationBeanPostProcessor.java:653)
	at org.springframework.beans.factory.annotation.InjectionMetadata$InjectedElement.inject(InjectionMetadata.java:224)
	at org.springframework.beans.factory.annotation.InjectionMetadata.inject(InjectionMetadata.java:116)
	at org.springframework.context.annotation.CommonAnnotationBeanPostProcessor.postProcessProperties(CommonAnnotationBeanPostProcessor.java:334)
	at org.springframework.beans.factory.support.AbstractAutowireCapableBeanFactory.populateBean(AbstractAutowireCapableBeanFactory.java:1422)
	at org.springframework.beans.factory.support.AbstractAutowireCapableBeanFactory.doCreateBean(AbstractAutowireCapableBeanFactory.java:594)
	at org.springframework.beans.factory.support.AbstractAutowireCapableBeanFactory.createBean(AbstractAutowireCapableBeanFactory.java:517)
	at org.springframework.beans.factory.support.AbstractBeanFactory.lambda$doGetBean$0(AbstractBeanFactory.java:323)
	at org.springframework.beans.factory.support.DefaultSingletonBeanRegistry.getSingleton(DefaultSingletonBeanRegistry.java:222)
	at org.springframework.beans.factory.support.AbstractBeanFactory.doGetBean(AbstractBeanFactory.java:321)
	at org.springframework.beans.factory.support.AbstractBeanFactory.getBean(AbstractBeanFactory.java:202)
	at org.springframework.web.method.HandlerMethod.createWithResolvedBean(HandlerMethod.java:336)
	at org.springframework.web.servlet.handler.AbstractHandlerMethodMapping.getHandlerInternal(AbstractHandlerMethodMapping.java:368)
	at org.springframework.web.servlet.mvc.method.annotation.RequestMappingHandlerMapping.getHandlerInternal(RequestMappingHandlerMapping.java:449)
	at org.springframework.web.servlet.mvc.method.annotation.RequestMappingHandlerMapping.getHandlerInternal(RequestMappingHandlerMapping.java:67)
	at org.springframework.web.servlet.handler.AbstractHandlerMapping.getHandler(AbstractHandlerMapping.java:395)
	at org.springframework.web.servlet.DispatcherServlet.getHandler(DispatcherServlet.java:1234)
	at org.springframework.web.servlet.DispatcherServlet.doDispatch(DispatcherServlet.java:1016)
	at org.springframework.web.servlet.DispatcherServlet.doService(DispatcherServlet.java:943)
	at org.springframework.web.servlet.FrameworkServlet.processRequest(FrameworkServlet.java:1006)
	at org.springframework.web.servlet.FrameworkServlet.doGet(FrameworkServlet.java:898)
	at javax.servlet.http.HttpServlet.service(HttpServlet.java:634)
	at org.springframework.web.servlet.FrameworkServlet.service(FrameworkServlet.java:883)
	at javax.servlet.http.HttpServlet.service(HttpServlet.java:741)
	at org.apache.catalina.core.ApplicationFilterChain.internalDoFilter(ApplicationFilterChain.java:231)
	at org.apache.catalina.core.ApplicationFilterChain.doFilter(ApplicationFilterChain.java:166)
	at org.apache.tomcat.websocket.server.WsFilter.doFilter(WsFilter.java:53)
	at org.apache.catalina.core.ApplicationFilterChain.internalDoFilter(ApplicationFilterChain.java:193)
	at org.apache.catalina.core.ApplicationFilterChain.doFilter(ApplicationFilterChain.java:166)
	at org.springframework.web.filter.RequestContextFilter.doFilterInternal(RequestContextFilter.java:100)
	at org.springframework.web.filter.OncePerRequestFilter.doFilter(OncePerRequestFilter.java:119)
	at org.apache.catalina.core.ApplicationFilterChain.internalDoFilter(ApplicationFilterChain.java:193)
	at org.apache.catalina.core.ApplicationFilterChain.doFilter(ApplicationFilterChain.java:166)
	at org.springframework.web.filter.FormContentFilter.doFilterInternal(FormContentFilter.java:93)
	at org.springframework.web.filter.OncePerRequestFilter.doFilter(OncePerRequestFilter.java:119)
	at org.apache.catalina.core.ApplicationFilterChain.internalDoFilter(ApplicationFilterChain.java:193)
	at org.apache.catalina.core.ApplicationFilterChain.doFilter(ApplicationFilterChain.java:166)
	at org.springframework.web.filter.CharacterEncodingFilter.doFilterInternal(CharacterEncodingFilter.java:201)
	at org.springframework.web.filter.OncePerRequestFilter.doFilter(OncePerRequestFilter.java:119)
	at org.apache.catalina.core.ApplicationFilterChain.internalDoFilter(ApplicationFilterChain.java:193)
	at org.apache.catalina.core.ApplicationFilterChain.doFilter(ApplicationFilterChain.java:166)
	at org.apache.catalina.core.StandardWrapperValve.invoke(StandardWrapperValve.java:202)
	at org.apache.catalina.core.StandardContextValve.invoke(StandardContextValve.java:96)
	at org.apache.catalina.authenticator.AuthenticatorBase.invoke(AuthenticatorBase.java:541)
	at org.apache.catalina.core.StandardHostValve.invoke(StandardHostValve.java:139)
	at org.apache.catalina.valves.ErrorReportValve.invoke(ErrorReportValve.java:92)
	at org.apache.catalina.core.StandardEngineValve.invoke(StandardEngineValve.java:74)
	at org.apache.catalina.connector.CoyoteAdapter.service(CoyoteAdapter.java:343)
	at org.apache.coyote.http11.Http11Processor.service(Http11Processor.java:367)
	at org.apache.coyote.AbstractProcessorLight.process(AbstractProcessorLight.java:65)
	at org.apache.coyote.AbstractProtocol$ConnectionHandler.process(AbstractProtocol.java:860)
	at org.apache.tomcat.util.net.NioEndpoint$SocketProcessor.doRun(NioEndpoint.java:1598)
	at org.apache.tomcat.util.net.SocketProcessorBase.run(SocketProcessorBase.java:49)
	at java.util.concurrent.ThreadPoolExecutor.runWorker(ThreadPoolExecutor.java:1142)
	at java.util.concurrent.ThreadPoolExecutor$Worker.run(ThreadPoolExecutor.java:617)
	at org.apache.tomcat.util.threads.TaskThread$WrappingRunnable.run(TaskThread.java:61)
	at java.lang.Thread.run(Thread.java:745)
16:18:35.489 [http-nio-8082-exec-3] ERROR o.a.c.c.C.[.[.[.[dispatcherServlet] - [log,175] - Servlet.service() for servlet [dispatcherServlet] in context with path [/sboot] threw exception [Request processing failed; nested exception is org.springframework.beans.factory.BeanCreationException: Error creating bean with name 'trainController': Injection of resource dependencies failed; nested exception is org.springframework.beans.factory.NoSuchBeanDefinitionException: No qualifying bean of type 'com.baizhi.service.TrainService' available: expected at least 1 bean which qualifies as autowire candidate. Dependency annotations: {@javax.annotation.Resource(shareable=true, lookup=, name=, description=, authenticationType=CONTAINER, type=class java.lang.Object, mappedName=)}] with root cause
org.springframework.beans.factory.NoSuchBeanDefinitionException: No qualifying bean of type 'com.baizhi.service.TrainService' available: expected at least 1 bean which qualifies as autowire candidate. Dependency annotations: {@javax.annotation.Resource(shareable=true, lookup=, name=, description=, authenticationType=CONTAINER, type=class java.lang.Object, mappedName=)}
	at org.springframework.beans.factory.support.DefaultListableBeanFactory.raiseNoMatchingBeanFound(DefaultListableBeanFactory.java:1695)
	at org.springframework.beans.factory.support.DefaultListableBeanFactory.doResolveDependency(DefaultListableBeanFactory.java:1253)
	at org.springframework.beans.factory.support.DefaultListableBeanFactory.resolveDependency(DefaultListableBeanFactory.java:1207)
	at org.springframework.context.annotation.CommonAnnotationBeanPostProcessor.autowireResource(CommonAnnotationBeanPostProcessor.java:537)
	at org.springframework.context.annotation.CommonAnnotationBeanPostProcessor.getResource(CommonAnnotationBeanPostProcessor.java:513)
	at org.springframework.context.annotation.CommonAnnotationBeanPostProcessor$ResourceElement.getResourceToInject(CommonAnnotationBeanPostProcessor.java:653)
	at org.springframework.beans.factory.annotation.InjectionMetadata$InjectedElement.inject(InjectionMetadata.java:224)
	at org.springframework.beans.factory.annotation.InjectionMetadata.inject(InjectionMetadata.java:116)
	at org.springframework.context.annotation.CommonAnnotationBeanPostProcessor.postProcessProperties(CommonAnnotationBeanPostProcessor.java:334)
	at org.springframework.beans.factory.support.AbstractAutowireCapableBeanFactory.populateBean(AbstractAutowireCapableBeanFactory.java:1422)
	at org.springframework.beans.factory.support.AbstractAutowireCapableBeanFactory.doCreateBean(AbstractAutowireCapableBeanFactory.java:594)
	at org.springframework.beans.factory.support.AbstractAutowireCapableBeanFactory.createBean(AbstractAutowireCapableBeanFactory.java:517)
	at org.springframework.beans.factory.support.AbstractBeanFactory.lambda$doGetBean$0(AbstractBeanFactory.java:323)
	at org.springframework.beans.factory.support.DefaultSingletonBeanRegistry.getSingleton(DefaultSingletonBeanRegistry.java:222)
	at org.springframework.beans.factory.support.AbstractBeanFactory.doGetBean(AbstractBeanFactory.java:321)
	at org.springframework.beans.factory.support.AbstractBeanFactory.getBean(AbstractBeanFactory.java:202)
	at org.springframework.web.method.HandlerMethod.createWithResolvedBean(HandlerMethod.java:336)
	at org.springframework.web.servlet.handler.AbstractHandlerMethodMapping.getHandlerInternal(AbstractHandlerMethodMapping.java:368)
	at org.springframework.web.servlet.mvc.method.annotation.RequestMappingHandlerMapping.getHandlerInternal(RequestMappingHandlerMapping.java:449)
	at org.springframework.web.servlet.mvc.method.annotation.RequestMappingHandlerMapping.getHandlerInternal(RequestMappingHandlerMapping.java:67)
	at org.springframework.web.servlet.handler.AbstractHandlerMapping.getHandler(AbstractHandlerMapping.java:395)
	at org.springframework.web.servlet.DispatcherServlet.getHandler(DispatcherServlet.java:1234)
	at org.springframework.web.servlet.DispatcherServlet.doDispatch(DispatcherServlet.java:1016)
	at org.springframework.web.servlet.DispatcherServlet.doService(DispatcherServlet.java:943)
	at org.springframework.web.servlet.FrameworkServlet.processRequest(FrameworkServlet.java:1006)
	at org.springframework.web.servlet.FrameworkServlet.doGet(FrameworkServlet.java:898)
	at javax.servlet.http.HttpServlet.service(HttpServlet.java:634)
	at org.springframework.web.servlet.FrameworkServlet.service(FrameworkServlet.java:883)
	at javax.servlet.http.HttpServlet.service(HttpServlet.java:741)
	at org.apache.catalina.core.ApplicationFilterChain.internalDoFilter(ApplicationFilterChain.java:231)
	at org.apache.catalina.core.ApplicationFilterChain.doFilter(ApplicationFilterChain.java:166)
	at org.apache.tomcat.websocket.server.WsFilter.doFilter(WsFilter.java:53)
	at org.apache.catalina.core.ApplicationFilterChain.internalDoFilter(ApplicationFilterChain.java:193)
	at org.apache.catalina.core.ApplicationFilterChain.doFilter(ApplicationFilterChain.java:166)
	at org.springframework.web.filter.RequestContextFilter.doFilterInternal(RequestContextFilter.java:100)
	at org.springframework.web.filter.OncePerRequestFilter.doFilter(OncePerRequestFilter.java:119)
	at org.apache.catalina.core.ApplicationFilterChain.internalDoFilter(ApplicationFilterChain.java:193)
	at org.apache.catalina.core.ApplicationFilterChain.doFilter(ApplicationFilterChain.java:166)
	at org.springframework.web.filter.FormContentFilter.doFilterInternal(FormContentFilter.java:93)
	at org.springframework.web.filter.OncePerRequestFilter.doFilter(OncePerRequestFilter.java:119)
	at org.apache.catalina.core.ApplicationFilterChain.internalDoFilter(ApplicationFilterChain.java:193)
	at org.apache.catalina.core.ApplicationFilterChain.doFilter(ApplicationFilterChain.java:166)
	at org.springframework.web.filter.CharacterEncodingFilter.doFilterInternal(CharacterEncodingFilter.java:201)
	at org.springframework.web.filter.OncePerRequestFilter.doFilter(OncePerRequestFilter.java:119)
	at org.apache.catalina.core.ApplicationFilterChain.internalDoFilter(ApplicationFilterChain.java:193)
	at org.apache.catalina.core.ApplicationFilterChain.doFilter(ApplicationFilterChain.java:166)
	at org.apache.catalina.core.StandardWrapperValve.invoke(StandardWrapperValve.java:202)
	at org.apache.catalina.core.StandardContextValve.invoke(StandardContextValve.java:96)
	at org.apache.catalina.authenticator.AuthenticatorBase.invoke(AuthenticatorBase.java:541)
	at org.apache.catalina.core.StandardHostValve.invoke(StandardHostValve.java:139)
	at org.apache.catalina.valves.ErrorReportValve.invoke(ErrorReportValve.java:92)
	at org.apache.catalina.core.StandardEngineValve.invoke(StandardEngineValve.java:74)
	at org.apache.catalina.connector.CoyoteAdapter.service(CoyoteAdapter.java:343)
	at org.apache.coyote.http11.Http11Processor.service(Http11Processor.java:367)
	at org.apache.coyote.AbstractProcessorLight.process(AbstractProcessorLight.java:65)
	at org.apache.coyote.AbstractProtocol$ConnectionHandler.process(AbstractProtocol.java:860)
	at org.apache.tomcat.util.net.NioEndpoint$SocketProcessor.doRun(NioEndpoint.java:1598)
	at org.apache.tomcat.util.net.SocketProcessorBase.run(SocketProcessorBase.java:49)
	at java.util.concurrent.ThreadPoolExecutor.runWorker(ThreadPoolExecutor.java:1142)
	at java.util.concurrent.ThreadPoolExecutor$Worker.run(ThreadPoolExecutor.java:617)
	at org.apache.tomcat.util.threads.TaskThread$WrappingRunnable.run(TaskThread.java:61)
	at java.lang.Thread.run(Thread.java:745)
16:19:05.336 [SpringContextShutdownHook] INFO  c.a.d.p.DruidDataSource - [close,2003] - {dataSource-1} closing ...
16:19:05.346 [SpringContextShutdownHook] INFO  c.a.d.p.DruidDataSource - [close,2075] - {dataSource-1} closed
16:19:09.652 [main] INFO  c.baizhi.Application - [logStarting,55] - Starting Application on LAPTOP-S46RK93L with PID 18680 (D:\sboot\sboot\target\classes started by hhz in D:\sboot\sboot)
16:19:09.652 [main] DEBUG c.baizhi.Application - [logStarting,56] - Running with Spring Boot v2.2.4.RELEASE, Spring v5.2.3.RELEASE
16:19:09.652 [main] INFO  c.baizhi.Application - [logStartupProfileInfo,651] - No active profile set, falling back to default profiles: default
16:19:10.696 [main] DEBUG r.u.Loggers$LoggerFactory - [debug,249] - Using Slf4j logging framework
16:19:11.094 [main] INFO  c.a.d.s.b.a.DruidDataSourceAutoConfigure - [dataSource,56] - Init DruidDataSource
16:19:11.154 [main] INFO  c.a.d.p.DruidDataSource - [init,1010] - {dataSource-1} inited
16:19:12.548 [main] INFO  c.baizhi.Application - [logStarted,61] - Started Application in 3.294 seconds (JVM running for 3.933)
16:20:09.131 [SpringContextShutdownHook] INFO  c.a.d.p.DruidDataSource - [close,2003] - {dataSource-1} closing ...
16:20:09.135 [SpringContextShutdownHook] INFO  c.a.d.p.DruidDataSource - [close,2075] - {dataSource-1} closed
16:20:17.571 [main] INFO  c.baizhi.Application - [logStarting,55] - Starting Application on LAPTOP-S46RK93L with PID 18700 (D:\sboot\sboot\target\classes started by hhz in D:\sboot\sboot)
16:20:17.573 [main] DEBUG c.baizhi.Application - [logStarting,56] - Running with Spring Boot v2.2.4.RELEASE, Spring v5.2.3.RELEASE
16:20:17.573 [main] INFO  c.baizhi.Application - [logStartupProfileInfo,651] - No active profile set, falling back to default profiles: default
16:20:18.610 [main] DEBUG r.u.Loggers$LoggerFactory - [debug,249] - Using Slf4j logging framework
16:20:19.004 [main] INFO  c.a.d.s.b.a.DruidDataSourceAutoConfigure - [dataSource,56] - Init DruidDataSource
16:20:19.061 [main] INFO  c.a.d.p.DruidDataSource - [init,1010] - {dataSource-1} inited
16:20:20.399 [main] INFO  c.baizhi.Application - [logStarted,61] - Started Application in 3.195 seconds (JVM running for 3.836)
16:20:28.759 [http-nio-8082-exec-1] DEBUG c.b.d.T.deleteById - [debug,143] - ==>  Preparing: DELETE FROM gt_train WHERE train_id=? 
16:20:28.772 [http-nio-8082-exec-1] DEBUG c.b.d.T.deleteById - [debug,143] - ==> Parameters: 1(String)
16:20:28.777 [http-nio-8082-exec-1] DEBUG c.b.d.T.deleteById - [debug,143] - <==    Updates: 0
16:20:30.267 [http-nio-8082-exec-2] DEBUG c.b.d.T.deleteById - [debug,143] - ==>  Preparing: DELETE FROM gt_train WHERE train_id=? 
16:20:30.267 [http-nio-8082-exec-2] DEBUG c.b.d.T.deleteById - [debug,143] - ==> Parameters: 1(String)
16:20:30.268 [http-nio-8082-exec-2] DEBUG c.b.d.T.deleteById - [debug,143] - <==    Updates: 0
16:20:47.015 [http-nio-8082-exec-3] DEBUG c.b.d.T.deleteById - [debug,143] - ==>  Preparing: DELETE FROM gt_train WHERE train_id=? 
16:20:47.015 [http-nio-8082-exec-3] DEBUG c.b.d.T.deleteById - [debug,143] - ==> Parameters: 1(String)
16:20:47.016 [http-nio-8082-exec-3] DEBUG c.b.d.T.deleteById - [debug,143] - <==    Updates: 0
16:20:47.186 [http-nio-8082-exec-4] DEBUG c.b.d.T.deleteById - [debug,143] - ==>  Preparing: DELETE FROM gt_train WHERE train_id=? 
16:20:47.187 [http-nio-8082-exec-4] DEBUG c.b.d.T.deleteById - [debug,143] - ==> Parameters: 1(String)
16:20:47.188 [http-nio-8082-exec-4] DEBUG c.b.d.T.deleteById - [debug,143] - <==    Updates: 0
16:22:39.501 [SpringContextShutdownHook] INFO  c.a.d.p.DruidDataSource - [close,2003] - {dataSource-1} closing ...
16:22:39.514 [SpringContextShutdownHook] INFO  c.a.d.p.DruidDataSource - [close,2075] - {dataSource-1} closed
