16:09:14.982 [main] INFO  c.baizhi.Application - [logStarting,55] - Starting Application on LAPTOP-S46RK93L with PID 7944 (D:\sboot\sboot\target\classes started by hhz in D:\sboot\sboot)
16:09:14.984 [main] INFO  c.baizhi.Application - [logStartupProfileInfo,651] - No active profile set, falling back to default profiles: default
16:09:16.287 [main] INFO  c.a.d.s.b.a.DruidDataSourceAutoConfigure - [dataSource,56] - Init DruidDataSource
16:09:16.352 [main] INFO  c.a.d.p.DruidDataSource - [init,1010] - {dataSource-1} inited
16:09:17.596 [main] INFO  c.baizhi.Application - [logStarted,61] - Started Application in 2.953 seconds (JVM running for 3.59)
16:11:56.025 [SpringContextShutdownHook] INFO  c.a.d.p.DruidDataSource - [close,2003] - {dataSource-1} closing ...
16:11:56.029 [SpringContextShutdownHook] INFO  c.a.d.p.DruidDataSource - [close,2075] - {dataSource-1} closed
16:12:02.179 [main] INFO  c.baizhi.Application - [logStarting,55] - Starting Application on LAPTOP-S46RK93L with PID 21340 (D:\sboot\sboot\target\classes started by hhz in D:\sboot\sboot)
16:12:02.181 [main] INFO  c.baizhi.Application - [logStartupProfileInfo,651] - No active profile set, falling back to default profiles: default
16:12:03.505 [main] INFO  c.a.d.s.b.a.DruidDataSourceAutoConfigure - [dataSource,56] - Init DruidDataSource
16:12:03.565 [main] INFO  c.a.d.p.DruidDataSource - [init,1010] - {dataSource-1} inited
16:12:04.812 [main] INFO  c.baizhi.Application - [logStarted,61] - Started Application in 2.955 seconds (JVM running for 3.624)
16:13:43.526 [SpringContextShutdownHook] INFO  c.a.d.p.DruidDataSource - [close,2003] - {dataSource-1} closing ...
16:13:43.530 [SpringContextShutdownHook] INFO  c.a.d.p.DruidDataSource - [close,2075] - {dataSource-1} closed
16:13:47.893 [main] INFO  c.baizhi.Application - [logStarting,55] - Starting Application on LAPTOP-S46RK93L with PID 10912 (D:\sboot\sboot\target\classes started by hhz in D:\sboot\sboot)
16:13:47.896 [main] INFO  c.baizhi.Application - [logStartupProfileInfo,651] - No active profile set, falling back to default profiles: default
16:13:49.219 [main] INFO  c.a.d.s.b.a.DruidDataSourceAutoConfigure - [dataSource,56] - Init DruidDataSource
16:13:49.277 [main] INFO  c.a.d.p.DruidDataSource - [init,1010] - {dataSource-1} inited
16:13:50.489 [main] INFO  c.baizhi.Application - [logStarted,61] - Started Application in 2.924 seconds (JVM running for 3.558)
16:23:28.955 [SpringContextShutdownHook] INFO  c.a.d.p.DruidDataSource - [close,2003] - {dataSource-1} closing ...
16:23:28.959 [SpringContextShutdownHook] INFO  c.a.d.p.DruidDataSource - [close,2075] - {dataSource-1} closed
16:23:34.771 [main] INFO  c.baizhi.Application - [logStarting,55] - Starting Application on LAPTOP-S46RK93L with PID 2484 (D:\sboot\sboot\target\classes started by hhz in D:\sboot\sboot)
16:23:34.773 [main] INFO  c.baizhi.Application - [logStartupProfileInfo,651] - No active profile set, falling back to default profiles: default
16:23:36.268 [main] INFO  c.a.d.s.b.a.DruidDataSourceAutoConfigure - [dataSource,56] - Init DruidDataSource
16:23:36.328 [main] INFO  c.a.d.p.DruidDataSource - [init,1010] - {dataSource-1} inited
16:23:37.640 [main] INFO  c.baizhi.Application - [logStarted,61] - Started Application in 3.257 seconds (JVM running for 3.967)
16:25:27.655 [SpringContextShutdownHook] INFO  c.a.d.p.DruidDataSource - [close,2003] - {dataSource-1} closing ...
16:25:27.660 [SpringContextShutdownHook] INFO  c.a.d.p.DruidDataSource - [close,2075] - {dataSource-1} closed
16:25:30.439 [main] INFO  c.baizhi.Application - [logStarting,55] - Starting Application on LAPTOP-S46RK93L with PID 14448 (D:\sboot\sboot\target\classes started by hhz in D:\sboot\sboot)
16:25:30.441 [main] INFO  c.baizhi.Application - [logStartupProfileInfo,651] - No active profile set, falling back to default profiles: default
16:25:31.747 [main] INFO  c.a.d.s.b.a.DruidDataSourceAutoConfigure - [dataSource,56] - Init DruidDataSource
16:25:31.803 [main] INFO  c.a.d.p.DruidDataSource - [init,1010] - {dataSource-1} inited
16:25:33.021 [main] INFO  c.baizhi.Application - [logStarted,61] - Started Application in 2.906 seconds (JVM running for 3.589)
16:27:49.092 [SpringContextShutdownHook] INFO  c.a.d.p.DruidDataSource - [close,2003] - {dataSource-1} closing ...
16:27:49.096 [SpringContextShutdownHook] INFO  c.a.d.p.DruidDataSource - [close,2075] - {dataSource-1} closed
16:27:53.329 [main] INFO  c.baizhi.Application - [logStarting,55] - Starting Application on LAPTOP-S46RK93L with PID 13064 (D:\sboot\sboot\target\classes started by hhz in D:\sboot\sboot)
16:27:53.331 [main] INFO  c.baizhi.Application - [logStartupProfileInfo,651] - No active profile set, falling back to default profiles: default
16:27:57.113 [main] INFO  c.baizhi.Application - [logStarting,55] - Starting Application on LAPTOP-S46RK93L with PID 17392 (D:\sboot\sboot\target\classes started by hhz in D:\sboot\sboot)
16:27:57.115 [main] INFO  c.baizhi.Application - [logStartupProfileInfo,651] - No active profile set, falling back to default profiles: default
16:27:58.457 [main] INFO  c.a.d.s.b.a.DruidDataSourceAutoConfigure - [dataSource,56] - Init DruidDataSource
16:27:58.518 [main] INFO  c.a.d.p.DruidDataSource - [init,1010] - {dataSource-1} inited
16:27:59.776 [main] INFO  c.baizhi.Application - [logStarted,61] - Started Application in 3.013 seconds (JVM running for 3.641)
16:28:53.284 [SpringContextShutdownHook] INFO  c.a.d.p.DruidDataSource - [close,2003] - {dataSource-1} closing ...
16:28:53.288 [SpringContextShutdownHook] INFO  c.a.d.p.DruidDataSource - [close,2075] - {dataSource-1} closed
16:28:58.210 [main] INFO  c.baizhi.Application - [logStarting,55] - Starting Application on LAPTOP-S46RK93L with PID 11024 (D:\sboot\sboot\target\classes started by hhz in D:\sboot\sboot)
16:28:58.212 [main] INFO  c.baizhi.Application - [logStartupProfileInfo,651] - No active profile set, falling back to default profiles: default
16:28:59.540 [main] INFO  c.a.d.s.b.a.DruidDataSourceAutoConfigure - [dataSource,56] - Init DruidDataSource
16:28:59.597 [main] INFO  c.a.d.p.DruidDataSource - [init,1010] - {dataSource-1} inited
16:29:00.844 [main] INFO  c.baizhi.Application - [logStarted,61] - Started Application in 2.957 seconds (JVM running for 3.594)
16:30:08.417 [SpringContextShutdownHook] INFO  c.a.d.p.DruidDataSource - [close,2003] - {dataSource-1} closing ...
16:30:08.421 [SpringContextShutdownHook] INFO  c.a.d.p.DruidDataSource - [close,2075] - {dataSource-1} closed
16:30:11.105 [main] INFO  c.baizhi.Application - [logStarting,55] - Starting Application on LAPTOP-S46RK93L with PID 12408 (D:\sboot\sboot\target\classes started by hhz in D:\sboot\sboot)
16:30:11.108 [main] INFO  c.baizhi.Application - [logStartupProfileInfo,651] - No active profile set, falling back to default profiles: default
16:30:12.449 [main] INFO  c.a.d.s.b.a.DruidDataSourceAutoConfigure - [dataSource,56] - Init DruidDataSource
16:30:12.510 [main] INFO  c.a.d.p.DruidDataSource - [init,1010] - {dataSource-1} inited
16:30:13.750 [main] INFO  c.baizhi.Application - [logStarted,61] - Started Application in 2.958 seconds (JVM running for 3.569)
16:32:55.894 [SpringContextShutdownHook] INFO  c.a.d.p.DruidDataSource - [close,2003] - {dataSource-1} closing ...
16:32:55.899 [SpringContextShutdownHook] INFO  c.a.d.p.DruidDataSource - [close,2075] - {dataSource-1} closed
